

=======================================================================
                      OpenMPL - Version 1.1                        
                                by                                   
                   Yibo Lin, Bei Yu, and  David Z. Pan               
               ECE Department, University of Texas at Austin         
                         Copyright (c) 2015                          
            Contact Authors:  {yibolin,bei,dpan}@cerc.utexas.edu     
=======================================================================
(D) size of Shape = 8 bytes
(D) size of Rectangle = 24 bytes
(D) size of Polygon = 32 bytes
****OPENMP not defined !****
(I) Reading input file /research/byu2/qsun/project/ISCAS_bench/ISCAS_total/total_c4.gds
(I) Ignored 0 duplicate patterns
(I) Input data for polygon based layout...
(I) # polygon rectangles = 6257
(I) Total patterns # = 3217
(I) Shape mode = POLYGON
(I) Coloring distance = 120 db ( 120 nm )
(I) Color num = 3
(I) Simplification level = 3
(I) Thread num = 8
(I) Uncolored layer # = 2 ( 1 101 )
(I) Precolored layer # = 0
(I) Path layer # = 0
(I) Algorithm = ILP_GURBOI
(I) reading input files takes 0.570000 seconds CPU, 0.591797 seconds real
(I) Constructing graph for 3217 patterns...
(I) 3217 vertices, 6226 edges
(I) Computing connected components...
(I) Solving 6 independent components...
===================  Component  0 ====================
Component 0 has 14 componetns.
====** Sub_Component 0_0  **====
	pattern number : 91
	conflict number : 19
	22.590000000s user + 0.090000000s system = 22.680000000s (98.9%)
====** Sub_Component 0_1  **====
	pattern number : 38
	conflict number : 4
	0.110000000s user + 0.010000000s system = 0.120000000s (110.3%)
====** Sub_Component 0_2  **====
	pattern number : 54
	conflict number : 5
	0.240000000s user + 0.000000000s system = 0.240000000s (97.3%)
====** Sub_Component 0_3  **====
	pattern number : 72
	conflict number : 17
	15.580000000s user + 0.050000000s system = 15.630000000s (97.4%)
====** Sub_Component 0_4  **====
	pattern number : 58
	conflict number : 14
	9.330000000s user + 0.020000000s system = 9.350000000s (97.6%)
====** Sub_Component 0_5  **====
	pattern number : 65
	conflict number : 10
	4.730000000s user + 0.020000000s system = 4.750000000s (98.5%)
====** Sub_Component 0_6  **====
	pattern number : 57
	conflict number : 11
	5.690000000s user + 0.010000000s system = 5.700000000s (97.5%)
====** Sub_Component 0_7  **====
	pattern number : 67
	conflict number : 9
	1.000000000s user + 0.000000000s system = 1.000000000s (99.2%)
====** Sub_Component 0_8  **====
	pattern number : 53
	conflict number : 9
	1.520000000s user + 0.020000000s system = 1.540000000s (97.3%)
====** Sub_Component 0_9  **====
	pattern number : 65
	conflict number : 11
	1.930000000s user + 0.010000000s system = 1.940000000s (98.8%)
====** Sub_Component 0_10  **====
	pattern number : 42
	conflict number : 4
	0.130000000s user + 0.000000000s system = 0.130000000s (99.0%)
====** Sub_Component 0_11  **====
	pattern number : 60
	conflict number : 11
	3.720000000s user + 0.010000000s system = 3.730000000s (98.1%)
====** Sub_Component 0_12  **====
	pattern number : 57
	conflict number : 11
	3.720000000s user + 0.010000000s system = 3.730000000s (98.1%)
====** Sub_Component 0_13  **====
	pattern number : 82
	conflict number : 19
	19.800000000s user + 0.050000000s system = 19.850000000s (97.6%)
component_conflict_num = 154	acc_obj_value = 154
**** total time : 108.020000000s user + 0.310000000s system = 108.330000000s (98.2%)
===================  Component  1 ====================
Component 1 has 0 componetns.
component_conflict_num = 0	acc_obj_value = 0
**** total time : 0.000000000s user + 0.000000000s system = 0.000000000s (n/a%)
===================  Component  2 ====================
Component 2 has 0 componetns.
component_conflict_num = 0	acc_obj_value = 0
**** total time : 0.000000000s user + 0.000000000s system = 0.000000000s (n/a%)
===================  Component  3 ====================
Component 3 has 0 componetns.
component_conflict_num = 0	acc_obj_value = 0
**** total time : 0.000000000s user + 0.000000000s system = 0.000000000s (n/a%)
===================  Component  4 ====================
Component 4 has 0 componetns.
component_conflict_num = 0	acc_obj_value = 0
**** total time : 0.000000000s user + 0.000000000s system = 0.000000000s (n/a%)
===================  Component  5 ====================
Component 5 has 0 componetns.
component_conflict_num = 0	acc_obj_value = 0
**** total time : 0.000000000s user + 0.000000000s system = 0.000000000s (n/a%)
(I) coloring takes 108.590000 seconds CPU, 110.555623 seconds real
(I) Conflict number = 154
(I) Color 0 density = 606
(I) Color 1 density = 1308
(I) Color 2 density = 1303
(I) Write output gds file: /research/byu2/qsun/project/gempl/bin/benchout/total_c4_out.gds
(I) writing output file takes 0.030000 seconds CPU, 0.069915 seconds real
(I) program takes 109.190000 seconds CPU, 111.218370 seconds real

real	1m51.246s
user	1m48.888s
sys	0m0.314s
