

=======================================================================
                      OpenMPL - Version 1.1                        
                                by                                   
                   Yibo Lin, Bei Yu, and  David Z. Pan               
               ECE Department, University of Texas at Austin         
                         Copyright (c) 2015                          
            Contact Authors:  {yibolin,bei,dpan}@cerc.utexas.edu     
=======================================================================
(D) size of Shape = 8 bytes
(D) size of Rectangle = 24 bytes
(D) size of Polygon = 32 bytes
****OPENMP not defined !****
(I) Reading input file /research/byu2/qsun/project/ISCAS_bench/ISCAS_total/total_c3.gds
(I) Ignored 0 duplicate patterns
(I) Input data for polygon based layout...
(I) # polygon rectangles = 4197
(I) Total patterns # = 2372
(I) Shape mode = POLYGON
(I) Coloring distance = 160 db ( 160 nm )
(I) Color num = 4
(I) Simplification level = 3
(I) Thread num = 8
(I) Uncolored layer # = 2 ( 1 101 )
(I) Precolored layer # = 0
(I) Path layer # = 0
(I) Algorithm = ILP_GURBOI
(I) reading input files takes 0.360000 seconds CPU, 0.373198 seconds real
(I) Constructing graph for 2372 patterns...
(I) 2372 vertices, 6645 edges
(I) Computing connected components...
(I) Solving 4 independent components...
===================  Component  0 ====================
Component 0 has 12 componetns.
====** Sub_Component 0_0  **====
	pattern number : 55
	conflict number : 0
	0.060000000s user + 0.010000000s system = 0.070000000s (108.1%)
====** Sub_Component 0_1  **====
	pattern number : 51
	conflict number : 1
	0.630000000s user + 0.000000000s system = 0.630000000s (98.3%)
====** Sub_Component 0_2  **====
	pattern number : 35
	conflict number : 0
	0.020000000s user + 0.010000000s system = 0.030000000s (120.7%)
====** Sub_Component 0_3  **====
	pattern number : 81
	conflict number : 1
	0.450000000s user + 0.000000000s system = 0.450000000s (98.8%)
====** Sub_Component 0_4  **====
	pattern number : 72
	conflict number : 2
	3.440000000s user + 0.020000000s system = 3.460000000s (99.0%)
====** Sub_Component 0_5  **====
	pattern number : 64
	conflict number : 0
	0.050000000s user + 0.000000000s system = 0.050000000s (83.5%)
====** Sub_Component 0_6  **====
	pattern number : 83
	conflict number : 1
	1.030000000s user + 0.020000000s system = 1.050000000s (97.4%)
====** Sub_Component 0_7  **====
	pattern number : 59
	conflict number : 0
	0.050000000s user + 0.000000000s system = 0.050000000s (91.8%)
====** Sub_Component 0_8  **====
	pattern number : 66
	conflict number : 0
	0.190000000s user + 0.000000000s system = 0.190000000s (96.7%)
====** Sub_Component 0_9  **====
	pattern number : 43
	conflict number : 0
	0.020000000s user + 0.010000000s system = 0.030000000s (92.9%)
====** Sub_Component 0_10  **====
	pattern number : 79
	conflict number : 3
	156.640000000s user + 0.130000000s system = 156.770000000s (99.0%)
====** Sub_Component 0_11  **====
	pattern number : 61
	conflict number : 0
	0.060000000s user + 0.000000000s system = 0.060000000s (87.9%)
component_conflict_num = 8	acc_obj_value = 8
**** total time : 172.650000000s user + 0.210000000s system = 172.860000000s (99.0%)
===================  Component  1 ====================
Component 1 has 0 componetns.
component_conflict_num = 0	acc_obj_value = 0
**** total time : 0.000000000s user + 0.000000000s system = 0.000000000s (n/a%)
===================  Component  2 ====================
Component 2 has 0 componetns.
component_conflict_num = 0	acc_obj_value = 0
**** total time : 0.000000000s user + 0.000000000s system = 0.000000000s (n/a%)
===================  Component  3 ====================
Component 3 has 0 componetns.
component_conflict_num = 0	acc_obj_value = 0
**** total time : 0.000000000s user + 0.000000000s system = 0.000000000s (n/a%)
(I) coloring takes 173.050000 seconds CPU, 174.841960 seconds real
(I) Conflict number = 8
(I) Color 0 density = 651
(I) Color 1 density = 664
(I) Color 2 density = 669
(I) Color 3 density = 388
(I) Write output gds file: /research/byu2/qsun/project/gempl/bin/benchout/total_c3_out.gds
(I) writing output file takes 0.020000 seconds CPU, 0.053556 seconds real
(I) program takes 173.430000 seconds CPU, 175.269930 seconds real

real	2m55.301s
user	2m53.226s
sys	0m0.219s
