

=======================================================================
                      OpenMPL - Version 1.1                        
                                by                                   
                   Yibo Lin, Bei Yu, and  David Z. Pan               
               ECE Department, University of Texas at Austin         
                         Copyright (c) 2015                          
            Contact Authors:  {yibolin,bei,dpan}@cerc.utexas.edu     
=======================================================================
(D) size of Shape = 8 bytes
(D) size of Rectangle = 24 bytes
(D) size of Polygon = 32 bytes
****OPENMP not defined !****
(I) Reading input file /research/byu2/qsun/project/ISCAS_bench/ISCAS_total/total_c5.gds
(I) Ignored 0 duplicate patterns
(I) Input data for polygon based layout...
(I) # polygon rectangles = 9786
(I) Total patterns # = 5067
(I) Shape mode = POLYGON
(I) Coloring distance = 120 db ( 120 nm )
(I) Color num = 3
(I) Simplification level = 3
(I) Thread num = 8
(I) Uncolored layer # = 2 ( 1 101 )
(I) Precolored layer # = 0
(I) Path layer # = 0
(I) Algorithm = ILP_GURBOI
(I) reading input files takes 0.930000 seconds CPU, 0.975845 seconds real
(I) Constructing graph for 5067 patterns...
(I) 5067 vertices, 10362 edges
(I) Computing connected components...
(I) Solving 4 independent components...
===================  Component  0 ====================
Component 0 has 18 componetns.
====** Sub_Component 0_0  **====
	pattern number : 100
	conflict number : 13
	5.370000000s user + 0.030000000s system = 5.400000000s (99.3%)
====** Sub_Component 0_1  **====
	pattern number : 120
	conflict number : 22
	33.500000000s user + 0.050000000s system = 33.550000000s (98.8%)
====** Sub_Component 0_2  **====
	pattern number : 119
	conflict number : 20
	33.590000000s user + 0.060000000s system = 33.650000000s (99.4%)
====** Sub_Component 0_3  **====
	pattern number : 113
	conflict number : 14
	22.560000000s user + 0.040000000s system = 22.600000000s (99.2%)
====** Sub_Component 0_4  **====
	pattern number : 114
	conflict number : 21
	12.420000000s user + 0.020000000s system = 12.440000000s (99.0%)
====** Sub_Component 0_5  **====
	pattern number : 100
	conflict number : 18
	23.630000000s user + 0.040000000s system = 23.670000000s (99.3%)
====** Sub_Component 0_6  **====
	pattern number : 93
	conflict number : 15
	16.500000000s user + 0.010000000s system = 16.510000000s (99.0%)
====** Sub_Component 0_7  **====
	pattern number : 89
	conflict number : 15
	21.100000000s user + 0.040000000s system = 21.140000000s (99.1%)
====** Sub_Component 0_8  **====
	pattern number : 70
	conflict number : 14
	5.910000000s user + 0.010000000s system = 5.920000000s (99.9%)
====** Sub_Component 0_9  **====
	pattern number : 120
	conflict number : 27
	39.270000000s user + 0.050000000s system = 39.320000000s (98.9%)
====** Sub_Component 0_10  **====
	pattern number : 91
	conflict number : 11
	6.300000000s user + 0.020000000s system = 6.320000000s (99.6%)
====** Sub_Component 0_11  **====
	pattern number : 111
	conflict number : 19
	26.360000000s user + 0.040000000s system = 26.400000000s (99.0%)
====** Sub_Component 0_12  **====
	pattern number : 92
	conflict number : 13
	12.550000000s user + 0.000000000s system = 12.550000000s (98.1%)
====** Sub_Component 0_13  **====
	pattern number : 112
	conflict number : 24
	31.380000000s user + 0.090000000s system = 31.470000000s (99.2%)
====** Sub_Component 0_14  **====
	pattern number : 105
	conflict number : 14
	23.250000000s user + 0.050000000s system = 23.300000000s (99.3%)
====** Sub_Component 0_15  **====
	pattern number : 85
	conflict number : 13
	13.090000000s user + 0.020000000s system = 13.110000000s (99.3%)
====** Sub_Component 0_16  **====
	pattern number : 115
	conflict number : 16
	27.950000000s user + 0.050000000s system = 28.000000000s (98.9%)
====** Sub_Component 0_17  **====
	pattern number : 97
	conflict number : 15
	24.660000000s user + 0.030000000s system = 24.690000000s (98.9%)
component_conflict_num = 304	acc_obj_value = 304
**** total time : 433.690000000s user + 0.670000000s system = 434.360000000s (99.1%)
===================  Component  1 ====================
Component 1 has 0 componetns.
component_conflict_num = 0	acc_obj_value = 0
**** total time : 0.000000000s user + 0.000000000s system = 0.000000000s (n/a%)
===================  Component  2 ====================
Component 2 has 0 componetns.
component_conflict_num = 0	acc_obj_value = 0
**** total time : 0.000000000s user + 0.000000000s system = 0.000000000s (n/a%)
===================  Component  3 ====================
Component 3 has 0 componetns.
component_conflict_num = 0	acc_obj_value = 0
**** total time : 0.000000000s user + 0.000000000s system = 0.000000000s (n/a%)
(I) coloring takes 434.790000 seconds CPU, 438.795406 seconds real
(I) Conflict number = 304
(I) Color 0 density = 871
(I) Color 1 density = 2142
(I) Color 2 density = 2054
(I) Write output gds file: /research/byu2/qsun/project/gempl/bin/benchout/total_c5_out.gds
(I) writing output file takes 0.040000 seconds CPU, 0.130652 seconds real
(I) program takes 435.760000 seconds CPU, 439.903418 seconds real

real	7m19.920s
user	7m15.094s
sys	0m0.677s
