

=======================================================================
                      OpenMPL - Version 1.1                        
                                by                                   
                   Yibo Lin, Bei Yu, and  David Z. Pan               
               ECE Department, University of Texas at Austin         
                         Copyright (c) 2015                          
            Contact Authors:  {yibolin,bei,dpan}@cerc.utexas.edu     
=======================================================================
(D) size of Shape = 8 bytes
(D) size of Rectangle = 24 bytes
(D) size of Polygon = 32 bytes
****OPENMP not defined !****
(I) Reading input file /research/byu2/qsun/project/ISCAS_bench/ISCAS_total/total_c3.gds
(I) Ignored 0 duplicate patterns
(I) Input data for polygon based layout...
(I) # polygon rectangles = 4197
(I) Total patterns # = 2372
(I) Shape mode = POLYGON
(I) Coloring distance = 120 db ( 120 nm )
(I) Color num = 3
(I) Simplification level = 3
(I) Thread num = 8
(I) Uncolored layer # = 2 ( 1 101 )
(I) Precolored layer # = 0
(I) Path layer # = 0
(I) Algorithm = ILP_GURBOI
(I) reading input files takes 0.360000 seconds CPU, 0.364638 seconds real
(I) Constructing graph for 2372 patterns...
(I) 2372 vertices, 4899 edges
(I) Computing connected components...
(I) Solving 4 independent components...
===================  Component  0 ====================
Component 0 has 12 componetns.
====** Sub_Component 0_0  **====
	pattern number : 77
	conflict number : 19
	6.760000000s user + 0.060000000s system = 6.820000000s (98.6%)
====** Sub_Component 0_1  **====
	pattern number : 80
	conflict number : 23
	15.170000000s user + 0.040000000s system = 15.210000000s (99.4%)
====** Sub_Component 0_2  **====
	pattern number : 53
	conflict number : 15
	5.940000000s user + 0.010000000s system = 5.950000000s (98.4%)
====** Sub_Component 0_3  **====
	pattern number : 91
	conflict number : 21
	8.050000000s user + 0.020000000s system = 8.070000000s (98.7%)
====** Sub_Component 0_4  **====
	pattern number : 71
	conflict number : 17
	17.800000000s user + 0.040000000s system = 17.840000000s (99.5%)
====** Sub_Component 0_5  **====
	pattern number : 70
	conflict number : 16
	15.620000000s user + 0.030000000s system = 15.650000000s (99.2%)
====** Sub_Component 0_6  **====
	pattern number : 75
	conflict number : 21
	21.950000000s user + 0.020000000s system = 21.970000000s (99.2%)
====** Sub_Component 0_7  **====
	pattern number : 66
	conflict number : 17
	15.260000000s user + 0.040000000s system = 15.300000000s (98.8%)
====** Sub_Component 0_8  **====
	pattern number : 66
	conflict number : 19
	15.600000000s user + 0.020000000s system = 15.620000000s (99.0%)
====** Sub_Component 0_9  **====
	pattern number : 94
	conflict number : 24
	13.500000000s user + 0.030000000s system = 13.530000000s (98.7%)
====** Sub_Component 0_10  **====
	pattern number : 64
	conflict number : 17
	16.400000000s user + 0.030000000s system = 16.430000000s (98.4%)
====** Sub_Component 0_11  **====
	pattern number : 69
	conflict number : 19
	18.510000000s user + 0.020000000s system = 18.530000000s (99.5%)
component_conflict_num = 228	acc_obj_value = 228
**** total time : 179.890000000s user + 0.360000000s system = 180.250000000s (99.0%)
===================  Component  1 ====================
Component 1 has 0 componetns.
component_conflict_num = 0	acc_obj_value = 0
**** total time : 0.000000000s user + 0.000000000s system = 0.000000000s (n/a%)
===================  Component  2 ====================
Component 2 has 0 componetns.
component_conflict_num = 0	acc_obj_value = 0
**** total time : 0.000000000s user + 0.000000000s system = 0.000000000s (n/a%)
===================  Component  3 ====================
Component 3 has 0 componetns.
component_conflict_num = 0	acc_obj_value = 0
**** total time : 0.000000000s user + 0.000000000s system = 0.000000000s (n/a%)
(I) coloring takes 180.420000 seconds CPU, 182.226348 seconds real
(I) Conflict number = 228
(I) Color 0 density = 961
(I) Color 1 density = 927
(I) Color 2 density = 484
(I) Write output gds file: /research/byu2/qsun/project/gempl/bin/benchout/total_c3_out.gds
(I) writing output file takes 0.030000 seconds CPU, 0.114462 seconds real
(I) program takes 180.810000 seconds CPU, 182.706808 seconds real

real	3m2.721s
user	3m0.453s
sys	0m0.367s
