

=======================================================================
                      OpenMPL - Version 1.1                        
                                by                                   
                   Yibo Lin, Bei Yu, and  David Z. Pan               
               ECE Department, University of Texas at Austin         
                         Copyright (c) 2015                          
            Contact Authors:  {yibolin,bei,dpan}@cerc.utexas.edu     
=======================================================================
(D) size of Shape = 8 bytes
(D) size of Rectangle = 24 bytes
(D) size of Polygon = 32 bytes
****OPENMP not defined !****
(I) Reading input file /research/byu2/qsun/project/ISCAS_bench/ISCAS_total/total_c4.gds
(I) Ignored 0 duplicate patterns
(I) Input data for polygon based layout...
(I) # polygon rectangles = 6257
(I) Total patterns # = 3217
(I) Shape mode = POLYGON
(I) Coloring distance = 160 db ( 160 nm )
(I) Color num = 4
(I) Simplification level = 3
(I) Thread num = 8
(I) Uncolored layer # = 2 ( 1 101 )
(I) Precolored layer # = 0
(I) Path layer # = 0
(I) Algorithm = SDP_CSDP
(I) reading input files takes 0.560000 seconds CPU, 0.590001 seconds real
(I) Constructing graph for 3217 patterns...
(I) 3217 vertices, 8802 edges
(I) Computing connected components...
(I) Solving 6 independent components...
===================  Component  0 ====================
Component 0 has 14 componetns.
====** Sub_Component 0_0  **====
	pattern number : 127
	conflict number : 0
	0.470000000s user + 0.000000000s system = 0.470000000s (94.2%)
====** Sub_Component 0_1  **====
	pattern number : 48
	conflict number : 2
	0.040000000s user + 0.000000000s system = 0.040000000s (82.8%)
====** Sub_Component 0_2  **====
	pattern number : 73
	conflict number : 2
	0.150000000s user + 0.000000000s system = 0.150000000s (95.9%)
====** Sub_Component 0_3  **====
	pattern number : 102
	conflict number : 6
	0.370000000s user + 0.000000000s system = 0.370000000s (96.8%)
====** Sub_Component 0_4  **====
	pattern number : 77
	conflict number : 3
	0.170000000s user + 0.000000000s system = 0.170000000s (101.2%)
====** Sub_Component 0_5  **====
	pattern number : 101
	conflict number : 3
	0.330000000s user + 0.000000000s system = 0.330000000s (100.1%)
====** Sub_Component 0_6  **====
	pattern number : 61
	conflict number : 3
	0.100000000s user + 0.000000000s system = 0.100000000s (90.0%)
====** Sub_Component 0_7  **====
	pattern number : 75
	conflict number : 3
	0.170000000s user + 0.000000000s system = 0.170000000s (101.0%)
====** Sub_Component 0_8  **====
	pattern number : 59
	conflict number : 2
	0.090000000s user + 0.000000000s system = 0.090000000s (105.0%)
====** Sub_Component 0_9  **====
	pattern number : 58
	conflict number : 1
	0.080000000s user + 0.000000000s system = 0.080000000s (92.5%)
====** Sub_Component 0_10  **====
	pattern number : 48
	conflict number : 1
	0.040000000s user + 0.010000000s system = 0.050000000s (117.0%)
====** Sub_Component 0_11  **====
	pattern number : 65
	conflict number : 2
	0.110000000s user + 0.000000000s system = 0.110000000s (99.9%)
====** Sub_Component 0_12  **====
	pattern number : 70
	conflict number : 0
	0.110000000s user + 0.000000000s system = 0.110000000s (95.7%)
====** Sub_Component 0_13  **====
	pattern number : 63
	conflict number : 2
	0.100000000s user + 0.000000000s system = 0.100000000s (93.2%)
component_conflict_num = 30	acc_obj_value = 30
**** total time : 21.500000000s user + 0.020000000s system = 21.520000000s (98.0%)
===================  Component  1 ====================
Component 1 has 0 componetns.
component_conflict_num = 0	acc_obj_value = 0
**** total time : 0.000000000s user + 0.000000000s system = 0.000000000s (n/a%)
===================  Component  2 ====================
Component 2 has 0 componetns.
component_conflict_num = 0	acc_obj_value = 0
**** total time : 0.000000000s user + 0.000000000s system = 0.000000000s (n/a%)
===================  Component  3 ====================
Component 3 has 0 componetns.
component_conflict_num = 0	acc_obj_value = 0
**** total time : 0.000000000s user + 0.000000000s system = 0.000000000s (n/a%)
===================  Component  4 ====================
Component 4 has 0 componetns.
component_conflict_num = 0	acc_obj_value = 0
**** total time : 0.000000000s user + 0.000000000s system = 0.000000000s (n/a%)
===================  Component  5 ====================
Component 5 has 0 componetns.
component_conflict_num = 0	acc_obj_value = 0
**** total time : 0.000000000s user + 0.000000000s system = 0.000000000s (n/a%)
(I) coloring takes 21.800000 seconds CPU, 22.237858 seconds real
(I) Conflict number = 30
(I) Color 0 density = 907
(I) Color 1 density = 920
(I) Color 2 density = 908
(I) Color 3 density = 482
(I) Write output gds file: /research/byu2/qsun/project/gempl/bin/benchout/total_c4_out.gds
(I) writing output file takes 0.030000 seconds CPU, 0.105228 seconds real
(I) program takes 22.390000 seconds CPU, 22.934380 seconds real

real	0m22.946s
user	0m22.378s
sys	0m0.030s
