

=======================================================================
                      OpenMPL - Version 1.1                        
                                by                                   
                   Yibo Lin, Bei Yu, and  David Z. Pan               
               ECE Department, University of Texas at Austin         
                         Copyright (c) 2015                          
            Contact Authors:  {yibolin,bei,dpan}@cerc.utexas.edu     
=======================================================================
(D) size of Shape = 8 bytes
(D) size of Rectangle = 24 bytes
(D) size of Polygon = 32 bytes
****OPENMP not defined !****
(I) Reading input file /research/byu2/qsun/project/ISCAS_bench/ISCAS_total/total_c1.gds
(I) Ignored 0 duplicate patterns
(I) Input data for polygon based layout...
(I) # polygon rectangles = 2093
(I) Total patterns # = 1124
(I) Shape mode = POLYGON
(I) Coloring distance = 160 db ( 160 nm )
(I) Color num = 4
(I) Simplification level = 3
(I) Thread num = 8
(I) Uncolored layer # = 2 ( 1 101 )
(I) Precolored layer # = 0
(I) Path layer # = 0
(I) Algorithm = SDP_CSDP
(I) reading input files takes 0.160000 seconds CPU, 0.193996 seconds real
(I) Constructing graph for 1124 patterns...
(I) 1124 vertices, 3084 edges
(I) Computing connected components...
(I) Solving 4 independent components...
===================  Component  0 ====================
Component 0 has 8 componetns.
====** Sub_Component 0_0  **====
	pattern number : 45
	conflict number : 1
	0.040000000s user + 0.000000000s system = 0.040000000s (88.6%)
====** Sub_Component 0_1  **====
	pattern number : 67
	conflict number : 3
	0.130000000s user + 0.000000000s system = 0.130000000s (100.8%)
====** Sub_Component 0_2  **====
	pattern number : 48
	conflict number : 0
	0.040000000s user + 0.000000000s system = 0.040000000s (86.8%)
====** Sub_Component 0_3  **====
	pattern number : 56
	conflict number : 1
	0.070000000s user + 0.000000000s system = 0.070000000s (107.1%)
====** Sub_Component 0_4  **====
	pattern number : 31
	conflict number : 0
	0.020000000s user + 0.000000000s system = 0.020000000s (105.8%)
====** Sub_Component 0_5  **====
	pattern number : 42
	conflict number : 2
	0.040000000s user + 0.000000000s system = 0.040000000s (102.4%)
====** Sub_Component 0_6  **====
	pattern number : 54
	conflict number : 0
	0.060000000s user + 0.000000000s system = 0.060000000s (91.3%)
====** Sub_Component 0_7  **====
	pattern number : 27
	conflict number : 1
	0.020000000s user + 0.000000000s system = 0.020000000s (108.4%)
component_conflict_num = 8	acc_obj_value = 8
**** total time : 2.510000000s user + 0.000000000s system = 2.510000000s (99.5%)
===================  Component  1 ====================
Component 1 has 0 componetns.
component_conflict_num = 0	acc_obj_value = 0
**** total time : 0.000000000s user + 0.000000000s system = 0.000000000s (n/a%)
===================  Component  2 ====================
Component 2 has 0 componetns.
component_conflict_num = 0	acc_obj_value = 0
**** total time : 0.000000000s user + 0.000000000s system = 0.000000000s (n/a%)
===================  Component  3 ====================
Component 3 has 0 componetns.
component_conflict_num = 0	acc_obj_value = 0
**** total time : 0.000000000s user + 0.000000000s system = 0.000000000s (n/a%)
(I) coloring takes 2.600000 seconds CPU, 2.605769 seconds real
(I) Conflict number = 8
(I) Color 0 density = 268
(I) Color 1 density = 258
(I) Color 2 density = 270
(I) Color 3 density = 328
(I) Write output gds file: /research/byu2/qsun/project/gempl/bin/benchout/total_c1_out.gds
(I) writing output file takes 0.010000 seconds CPU, 0.253410 seconds real
(I) program takes 2.770000 seconds CPU, 3.053952 seconds real

real	0m3.101s
user	0m2.776s
sys	0m0.007s
