

=======================================================================
                      OpenMPL - Version 1.1                        
                                by                                   
                   Yibo Lin, Bei Yu, and  David Z. Pan               
               ECE Department, University of Texas at Austin         
                         Copyright (c) 2015                          
            Contact Authors:  {yibolin,bei,dpan}@cerc.utexas.edu     
=======================================================================
(D) size of Shape = 8 bytes
(D) size of Rectangle = 24 bytes
(D) size of Polygon = 32 bytes
****OPENMP not defined !****
(I) Reading input file /research/byu2/qsun/project/ISCAS_bench/ISCAS_total/total_s1.gds
(I) Ignored 0 duplicate patterns
(I) Input data for polygon based layout...
(I) # polygon rectangles = 7906
(I) Total patterns # = 4586
(I) Shape mode = POLYGON
(I) Coloring distance = 160 db ( 160 nm )
(I) Color num = 4
(I) Simplification level = 3
(I) Thread num = 8
(I) Uncolored layer # = 2 ( 1 101 )
(I) Precolored layer # = 0
(I) Path layer # = 0
(I) Algorithm = ILP_GURBOI
(I) reading input files takes 0.740000 seconds CPU, 0.778074 seconds real
(I) Constructing graph for 4586 patterns...
(I) 4586 vertices, 13274 edges
(I) Computing connected components...
(I) Solving 5 independent components...
===================  Component  0 ====================
Component 0 has 0 componetns.
component_conflict_num = 0	acc_obj_value = 0
**** total time : 0.000000000s user + 0.000000000s system = 0.000000000s (n/a%)
===================  Component  1 ====================
Component 1 has 18 componetns.
====** Sub_Component 1_0  **====
	pattern number : 101
	conflict number : 0
	0.100000000s user + 0.010000000s system = 0.110000000s (103.3%)
====** Sub_Component 1_1  **====
	pattern number : 94
	conflict number : 0
	0.100000000s user + 0.000000000s system = 0.100000000s (88.9%)
====** Sub_Component 1_2  **====
	pattern number : 115
	conflict number : 5
	312.690000000s user + 0.290000000s system = 312.980000000s (99.1%)
====** Sub_Component 1_3  **====
	pattern number : 96
	conflict number : 5
	302.590000000s user + 0.130000000s system = 302.720000000s (99.0%)
====** Sub_Component 1_4  **====
	pattern number : 100
	conflict number : 0
	0.100000000s user + 0.010000000s system = 0.110000000s (107.1%)
====** Sub_Component 1_5  **====
	pattern number : 88
	conflict number : 0
	0.110000000s user + 0.000000000s system = 0.110000000s (89.8%)
====** Sub_Component 1_6  **====
	pattern number : 144
	conflict number : 2
	2183.410000000s user + 0.740000000s system = 2184.150000000s (99.0%)
====** Sub_Component 1_7  **====
	pattern number : 81
	conflict number : 0
	0.060000000s user + 0.010000000s system = 0.070000000s (52.0%)
====** Sub_Component 1_8  **====
	pattern number : 119
	conflict number : 5
	1046.050000000s user + 2.090000000s system = 1048.140000000s (99.0%)
====** Sub_Component 1_9  **====
	pattern number : 139
	conflict number : 0
	0.400000000s user + 0.010000000s system = 0.410000000s (86.8%)
====** Sub_Component 1_10  **====
	pattern number : 121
	conflict number : 4
	16.780000000s user + 0.020000000s system = 16.800000000s (99.1%)
====** Sub_Component 1_11  **====
	pattern number : 90
	conflict number : 2
	4.410000000s user + 0.010000000s system = 4.420000000s (97.6%)
====** Sub_Component 1_12  **====
	pattern number : 73
	conflict number : 1
	0.910000000s user + 0.010000000s system = 0.920000000s (99.5%)
====** Sub_Component 1_13  **====
	pattern number : 103
	conflict number : 4
	10.360000000s user + 0.010000000s system = 10.370000000s (99.2%)
====** Sub_Component 1_14  **====
	pattern number : 121
	conflict number : 4
	17.050000000s user + 0.040000000s system = 17.090000000s (99.3%)
====** Sub_Component 1_15  **====
	pattern number : 98
	conflict number : 0
	0.090000000s user + 0.000000000s system = 0.090000000s (92.2%)
====** Sub_Component 1_16  **====
	pattern number : 94
	conflict number : 2
	9.860000000s user + 0.030000000s system = 9.890000000s (99.2%)
====** Sub_Component 1_17  **====
	pattern number : 81
	conflict number : 1
	0.790000000s user + 0.000000000s system = 0.790000000s (99.1%)
component_conflict_num = 35	acc_obj_value = 35
**** total time : 3949.520000000s user + 3.420000000s system = 3952.940000000s (99.0%)
===================  Component  2 ====================
Component 2 has 0 componetns.
component_conflict_num = 0	acc_obj_value = 0
**** total time : 0.000000000s user + 0.000000000s system = 0.000000000s (n/a%)
===================  Component  3 ====================
Component 3 has 0 componetns.
component_conflict_num = 0	acc_obj_value = 0
**** total time : 0.000000000s user + 0.000000000s system = 0.000000000s (n/a%)
===================  Component  4 ====================
Component 4 has 0 componetns.
component_conflict_num = 0	acc_obj_value = 0
**** total time : 0.000000000s user + 0.000000000s system = 0.000000000s (n/a%)
(I) coloring takes 3953.340000 seconds CPU, 3992.783316 seconds real
(I) Conflict number = 35
(I) Color 0 density = 1298
(I) Color 1 density = 692
(I) Color 2 density = 1298
(I) Color 3 density = 1298
(I) Write output gds file: /research/byu2/qsun/project/gempl/bin/benchout/total_s1_out.gds
(I) writing output file takes 0.060000 seconds CPU, 0.145371 seconds real
(I) program takes 3954.140000 seconds CPU, 3993.708649 seconds real

real	66m33.726s
user	65m50.720s
sys	0m3.433s
