

=======================================================================
                      OpenMPL - Version 1.1                        
                                by                                   
                   Yibo Lin, Bei Yu, and  David Z. Pan               
               ECE Department, University of Texas at Austin         
                         Copyright (c) 2015                          
            Contact Authors:  {yibolin,bei,dpan}@cerc.utexas.edu     
=======================================================================
(D) size of Shape = 8 bytes
(D) size of Rectangle = 24 bytes
(D) size of Polygon = 32 bytes
****OPENMP not defined !****
(I) Reading input file /research/byu2/qsun/project/ISCAS_bench/ISCAS_total/total_c4.gds
(I) Ignored 0 duplicate patterns
(I) Input data for polygon based layout...
(I) # polygon rectangles = 6257
(I) Total patterns # = 3217
(I) Shape mode = POLYGON
(I) Coloring distance = 160 db ( 160 nm )
(I) Color num = 4
(I) Simplification level = 3
(I) Thread num = 8
(I) Uncolored layer # = 2 ( 1 101 )
(I) Precolored layer # = 0
(I) Path layer # = 0
(I) Algorithm = ILP_GURBOI
(I) reading input files takes 0.560000 seconds CPU, 0.570673 seconds real
(I) Constructing graph for 3217 patterns...
(I) 3217 vertices, 8802 edges
(I) Computing connected components...
(I) Solving 6 independent components...
===================  Component  0 ====================
Component 0 has 14 componetns.
====** Sub_Component 0_0  **====
	pattern number : 127
	conflict number : 0
	0.310000000s user + 0.010000000s system = 0.320000000s (97.4%)
====** Sub_Component 0_1  **====
	pattern number : 48
	conflict number : 2
	1.610000000s user + 0.010000000s system = 1.620000000s (98.4%)
====** Sub_Component 0_2  **====
	pattern number : 73
	conflict number : 2
	1.370000000s user + 0.010000000s system = 1.380000000s (98.4%)
====** Sub_Component 0_3  **====
	pattern number : 102
	conflict number : 6
	5908.210000000s user + 25.030000000s system = 5933.240000000s (99.0%)
====** Sub_Component 0_4  **====
	pattern number : 77
	conflict number : 3
	17.340000000s user + 0.030000000s system = 17.370000000s (99.2%)
====** Sub_Component 0_5  **====
	pattern number : 101
	conflict number : 3
	12.860000000s user + 0.020000000s system = 12.880000000s (99.0%)
====** Sub_Component 0_6  **====
	pattern number : 61
	conflict number : 3
	2.450000000s user + 0.010000000s system = 2.460000000s (99.4%)
====** Sub_Component 0_7  **====
	pattern number : 75
	conflict number : 3
	3.170000000s user + 0.010000000s system = 3.180000000s (100.0%)
====** Sub_Component 0_8  **====
	pattern number : 59
	conflict number : 2
	5.150000000s user + 0.010000000s system = 5.160000000s (98.2%)
====** Sub_Component 0_9  **====
	pattern number : 58
	conflict number : 1
	0.540000000s user + 0.000000000s system = 0.540000000s (99.0%)
====** Sub_Component 0_10  **====
	pattern number : 48
	conflict number : 1
	0.260000000s user + 0.000000000s system = 0.260000000s (98.0%)
====** Sub_Component 0_11  **====
	pattern number : 65
	conflict number : 2
	3.470000000s user + 0.000000000s system = 3.470000000s (99.6%)
====** Sub_Component 0_12  **====
	pattern number : 70
	conflict number : 0
	0.080000000s user + 0.000000000s system = 0.080000000s (103.2%)
====** Sub_Component 0_13  **====
	pattern number : 63
	conflict number : 2
	2.290000000s user + 0.010000000s system = 2.300000000s (99.1%)
component_conflict_num = 30	acc_obj_value = 30
**** total time : 5979.340000000s user + 25.160000000s system = 6004.500000000s (99.0%)
===================  Component  1 ====================
Component 1 has 0 componetns.
component_conflict_num = 0	acc_obj_value = 0
**** total time : 0.000000000s user + 0.000000000s system = 0.000000000s (n/a%)
===================  Component  2 ====================
Component 2 has 0 componetns.
component_conflict_num = 0	acc_obj_value = 0
**** total time : 0.000000000s user + 0.000000000s system = 0.000000000s (n/a%)
===================  Component  3 ====================
Component 3 has 0 componetns.
component_conflict_num = 0	acc_obj_value = 0
**** total time : 0.000000000s user + 0.000000000s system = 0.000000000s (n/a%)
===================  Component  4 ====================
Component 4 has 0 componetns.
component_conflict_num = 0	acc_obj_value = 0
**** total time : 0.000000000s user + 0.000000000s system = 0.000000000s (n/a%)
===================  Component  5 ====================
Component 5 has 0 componetns.
component_conflict_num = 0	acc_obj_value = 0
**** total time : 0.000000000s user + 0.000000000s system = 0.000000000s (n/a%)
(I) coloring takes 6004.770000 seconds CPU, 6063.981788 seconds real
(I) Conflict number = 30
(I) Color 0 density = 881
(I) Color 1 density = 947
(I) Color 2 density = 909
(I) Color 3 density = 480
(I) Write output gds file: /research/byu2/qsun/project/gempl/bin/benchout/total_c4_out.gds
(I) writing output file takes 0.040000 seconds CPU, 0.059112 seconds real
(I) program takes 6005.370000 seconds CPU, 6064.612918 seconds real

real	101m4.630s
user	99m40.214s
sys	0m25.173s
