

=======================================================================
                      OpenMPL - Version 1.1                        
                                by                                   
                   Yibo Lin, Bei Yu, and  David Z. Pan               
               ECE Department, University of Texas at Austin         
                         Copyright (c) 2015                          
            Contact Authors:  {yibolin,bei,dpan}@cerc.utexas.edu     
=======================================================================
(D) size of Shape = 8 bytes
(D) size of Rectangle = 24 bytes
(D) size of Polygon = 32 bytes
****OPENMP not defined !****
(I) Reading input file /research/byu2/qsun/project/ISCAS_bench/ISCAS_total/total_c2.gds
(I) Ignored 0 duplicate patterns
(I) Input data for polygon based layout...
(I) # polygon rectangles = 3963
(I) Total patterns # = 2196
(I) Shape mode = POLYGON
(I) Coloring distance = 120 db ( 120 nm )
(I) Color num = 3
(I) Simplification level = 3
(I) Thread num = 8
(I) Uncolored layer # = 2 ( 1 101 )
(I) Precolored layer # = 0
(I) Path layer # = 0
(I) Algorithm = SDP_CSDP
(I) reading input files takes 0.340000 seconds CPU, 0.355411 seconds real
(I) Constructing graph for 2196 patterns...
(I) 2196 vertices, 4632 edges
(I) Computing connected components...
(I) Solving 10 independent components...
===================  Component  0 ====================
Component 0 has 11 componetns.
====** Sub_Component 0_0  **====
	pattern number : 66
	conflict number : 14
	0.100000000s user + 0.000000000s system = 0.100000000s (90.8%)
====** Sub_Component 0_1  **====
	pattern number : 76
	conflict number : 16
	0.160000000s user + 0.000000000s system = 0.160000000s (101.4%)
====** Sub_Component 0_2  **====
	pattern number : 93
	conflict number : 22
	0.250000000s user + 0.000000000s system = 0.250000000s (100.9%)
====** Sub_Component 0_3  **====
	pattern number : 89
	conflict number : 26
	0.230000000s user + 0.000000000s system = 0.230000000s (94.0%)
====** Sub_Component 0_4  **====
	pattern number : 97
	conflict number : 27
	0.290000000s user + 0.010000000s system = 0.300000000s (98.3%)
====** Sub_Component 0_5  **====
	pattern number : 79
	conflict number : 16
	0.170000000s user + 0.000000000s system = 0.170000000s (97.7%)
====** Sub_Component 0_6  **====
	pattern number : 83
	conflict number : 16
	0.200000000s user + 0.000000000s system = 0.200000000s (100.0%)
====** Sub_Component 0_7  **====
	pattern number : 77
	conflict number : 19
	0.170000000s user + 0.000000000s system = 0.170000000s (99.4%)
====** Sub_Component 0_8  **====
	pattern number : 64
	conflict number : 14
	0.130000000s user + 0.000000000s system = 0.130000000s (101.0%)
====** Sub_Component 0_9  **====
	pattern number : 74
	conflict number : 15
	0.160000000s user + 0.000000000s system = 0.160000000s (103.3%)
====** Sub_Component 0_10  **====
	pattern number : 101
	conflict number : 27
	0.310000000s user + 0.000000000s system = 0.310000000s (97.2%)
component_conflict_num = 212	acc_obj_value = 212
**** total time : 10.070000000s user + 0.010000000s system = 10.080000000s (99.0%)
===================  Component  1 ====================
Component 1 has 0 componetns.
component_conflict_num = 0	acc_obj_value = 0
**** total time : 0.000000000s user + 0.000000000s system = 0.000000000s (n/a%)
===================  Component  2 ====================
Component 2 has 0 componetns.
component_conflict_num = 0	acc_obj_value = 0
**** total time : 0.000000000s user + 0.000000000s system = 0.000000000s (n/a%)
===================  Component  3 ====================
Component 3 has 0 componetns.
component_conflict_num = 0	acc_obj_value = 0
**** total time : 0.000000000s user + 0.000000000s system = 0.000000000s (n/a%)
===================  Component  4 ====================
Component 4 has 0 componetns.
component_conflict_num = 0	acc_obj_value = 0
**** total time : 0.000000000s user + 0.000000000s system = 0.000000000s (n/a%)
===================  Component  5 ====================
Component 5 has 0 componetns.
component_conflict_num = 0	acc_obj_value = 0
**** total time : 0.000000000s user + 0.000000000s system = 0.000000000s (n/a%)
===================  Component  6 ====================
Component 6 has 0 componetns.
component_conflict_num = 0	acc_obj_value = 0
**** total time : 0.000000000s user + 0.000000000s system = 0.000000000s (n/a%)
===================  Component  7 ====================
Component 7 has 0 componetns.
component_conflict_num = 0	acc_obj_value = 0
**** total time : 0.000000000s user + 0.000000000s system = 0.000000000s (n/a%)
===================  Component  8 ====================
Component 8 has 0 componetns.
component_conflict_num = 0	acc_obj_value = 0
**** total time : 0.000000000s user + 0.000000000s system = 0.000000000s (n/a%)
===================  Component  9 ====================
Component 9 has 0 componetns.
component_conflict_num = 0	acc_obj_value = 0
**** total time : 0.000000000s user + 0.000000000s system = 0.000000000s (n/a%)
(I) coloring takes 10.240000 seconds CPU, 10.350037 seconds real
(I) Conflict number = 212
(I) Color 0 density = 626
(I) Color 1 density = 828
(I) Color 2 density = 742
(I) Write output gds file: /research/byu2/qsun/project/gempl/bin/benchout/total_c2_out.gds
(I) writing output file takes 0.020000 seconds CPU, 0.043782 seconds real
(I) program takes 10.600000 seconds CPU, 10.750467 seconds real

real	0m10.759s
user	0m10.598s
sys	0m0.016s
