

=======================================================================
                      OpenMPL - Version 1.1                        
                                by                                   
                   Yibo Lin, Bei Yu, and  David Z. Pan               
               ECE Department, University of Texas at Austin         
                         Copyright (c) 2015                          
            Contact Authors:  {yibolin,bei,dpan}@cerc.utexas.edu     
=======================================================================
(D) size of Shape = 8 bytes
(D) size of Rectangle = 24 bytes
(D) size of Polygon = 32 bytes
****OPENMP not defined !****
(I) Reading input file /research/byu2/qsun/project/ISCAS_bench/ISCAS_total/total_c3.gds
(I) Ignored 0 duplicate patterns
(I) Input data for polygon based layout...
(I) # polygon rectangles = 4197
(I) Total patterns # = 2372
(I) Shape mode = POLYGON
(I) Coloring distance = 120 db ( 120 nm )
(I) Color num = 3
(I) Simplification level = 3
(I) Thread num = 8
(I) Uncolored layer # = 2 ( 1 101 )
(I) Precolored layer # = 0
(I) Path layer # = 0
(I) Algorithm = ILP_GURBOI
(I) reading input files takes 0.020000 seconds CPU, 0.036920 seconds real
(I) Constructing graph for 2372 patterns...
(I) 2372 vertices, 4899 edges
(I) Computing connected components...
(I) Solving 4 independent components...
===================  Component  0 ====================
Component 0 has 12 componetns.
====** Sub_Component 0_0  **====
	pattern number : 77
	6.770000000s user + 0.040000000s system = 6.810000000s (99.2%)
====** Sub_Component 0_1  **====
	pattern number : 80
	14.920000000s user + 0.040000000s system = 14.960000000s (99.0%)
====** Sub_Component 0_2  **====
	pattern number : 53
	5.040000000s user + 0.010000000s system = 5.050000000s (97.4%)
====** Sub_Component 0_3  **====
	pattern number : 91
	7.990000000s user + 0.020000000s system = 8.010000000s (96.9%)
====** Sub_Component 0_4  **====
	pattern number : 71
	17.840000000s user + 0.040000000s system = 17.880000000s (98.6%)
====** Sub_Component 0_5  **====
	pattern number : 70
	16.260000000s user + 0.020000000s system = 16.280000000s (98.5%)
====** Sub_Component 0_6  **====
	pattern number : 75
	21.220000000s user + 0.040000000s system = 21.260000000s (98.5%)
====** Sub_Component 0_7  **====
	pattern number : 66
	14.990000000s user + 0.030000000s system = 15.020000000s (99.6%)
====** Sub_Component 0_8  **====
	pattern number : 66
	15.430000000s user + 0.030000000s system = 15.460000000s (99.3%)
====** Sub_Component 0_9  **====
	pattern number : 94
	12.610000000s user + 0.020000000s system = 12.630000000s (99.1%)
====** Sub_Component 0_10  **====
	pattern number : 64
	16.430000000s user + 0.020000000s system = 16.450000000s (99.2%)
====** Sub_Component 0_11  **====
	pattern number : 69
	19.080000000s user + 0.030000000s system = 19.110000000s (99.1%)
**** total time : 168.990000000s user + 0.340000000s system = 169.330000000s (98.8%)
===================  Component  1 ====================
Component 1 has 0 componetns.
**** total time : 0.000000000s user + 0.000000000s system = 0.000000000s (n/a%)
===================  Component  2 ====================
Component 2 has 0 componetns.
**** total time : 0.000000000s user + 0.000000000s system = 0.000000000s (n/a%)
===================  Component  3 ====================
Component 3 has 0 componetns.
**** total time : 0.000000000s user + 0.000000000s system = 0.000000000s (n/a%)
(I) coloring takes 169.330000 seconds CPU, 171.365775 seconds real
(I) Conflict number = 228
(I) Color 0 density = 961
(I) Color 1 density = 927
(I) Color 2 density = 484
(W) Output file not specified, no file generated
(I) writing output file takes 0.000000 seconds CPU, 0.000002 seconds real
(I) program takes 169.350000 seconds CPU, 171.403104 seconds real

real	2m51.418s
user	2m49.012s
sys	0m0.351s
