

=======================================================================
                      OpenMPL - Version 1.1                        
                                by                                   
                   Yibo Lin, Bei Yu, and  David Z. Pan               
               ECE Department, University of Texas at Austin         
                         Copyright (c) 2015                          
            Contact Authors:  {yibolin,bei,dpan}@cerc.utexas.edu     
=======================================================================
(D) size of Shape = 8 bytes
(D) size of Rectangle = 24 bytes
(D) size of Polygon = 32 bytes
****OPENMP not defined !****
(I) Reading input file /research/byu2/qsun/project/ISCAS_bench/ISCAS_total/total_c4.gds
(I) Ignored 0 duplicate patterns
(I) Input data for polygon based layout...
(I) # polygon rectangles = 6257
(I) Total patterns # = 3217
(I) Shape mode = POLYGON
(I) Coloring distance = 160 db ( 160 nm )
(I) Color num = 4
(I) Simplification level = 3
(I) Thread num = 8
(I) Uncolored layer # = 2 ( 1 101 )
(I) Precolored layer # = 0
(I) Path layer # = 0
(I) Algorithm = LP_GUROBI
(I) reading input files takes 0.020000 seconds CPU, 0.036090 seconds real
(I) Constructing graph for 3217 patterns...
(I) 3217 vertices, 8802 edges
(I) Computing connected components...
(I) Solving 6 independent components...
===================  Component  0 ====================
Component 0 has 14 componetns.
====** Sub_Component 0_0  **====
	pattern number : 127
	0.040000000s user + 0.000000000s system = 0.040000000s (70.6%)
====** Sub_Component 0_1  **====
	pattern number : 48
	0.010000000s user + 0.000000000s system = 0.010000000s (52.3%)
====** Sub_Component 0_2  **====
	pattern number : 73
	0.020000000s user + 0.010000000s system = 0.030000000s (122.9%)
====** Sub_Component 0_3  **====
	pattern number : 102
	0.040000000s user + 0.000000000s system = 0.040000000s (88.5%)
====** Sub_Component 0_4  **====
	pattern number : 77
	0.020000000s user + 0.000000000s system = 0.020000000s (85.2%)
====** Sub_Component 0_5  **====
	pattern number : 101
	0.020000000s user + 0.000000000s system = 0.020000000s (50.1%)
====** Sub_Component 0_6  **====
	pattern number : 61
	0.020000000s user + 0.000000000s system = 0.020000000s (125.5%)
====** Sub_Component 0_7  **====
	pattern number : 75
	0.020000000s user + 0.010000000s system = 0.030000000s (100.9%)
====** Sub_Component 0_8  **====
	pattern number : 59
	0.000000000s user + 0.000000000s system = 0.000000000s (n/a%)
====** Sub_Component 0_9  **====
	pattern number : 58
	0.020000000s user + 0.000000000s system = 0.020000000s (118.0%)
====** Sub_Component 0_10  **====
	pattern number : 48
	0.010000000s user + 0.000000000s system = 0.010000000s (77.0%)
====** Sub_Component 0_11  **====
	pattern number : 65
	0.010000000s user + 0.000000000s system = 0.010000000s (61.0%)
====** Sub_Component 0_12  **====
	pattern number : 70
	0.020000000s user + 0.010000000s system = 0.030000000s (143.0%)
====** Sub_Component 0_13  **====
	pattern number : 63
	0.010000000s user + 0.000000000s system = 0.010000000s (62.0%)
**** total time : 1.140000000s user + 0.030000000s system = 1.170000000s (95.2%)
===================  Component  1 ====================
Component 1 has 0 componetns.
**** total time : 0.000000000s user + 0.000000000s system = 0.000000000s (n/a%)
===================  Component  2 ====================
Component 2 has 0 componetns.
**** total time : 0.000000000s user + 0.000000000s system = 0.000000000s (n/a%)
===================  Component  3 ====================
Component 3 has 0 componetns.
**** total time : 0.000000000s user + 0.000000000s system = 0.000000000s (n/a%)
===================  Component  4 ====================
Component 4 has 0 componetns.
**** total time : 0.000000000s user + 0.000000000s system = 0.000000000s (n/a%)
===================  Component  5 ====================
Component 5 has 0 componetns.
**** total time : 0.000000000s user + 0.000000000s system = 0.000000000s (n/a%)
(I) coloring takes 1.180000 seconds CPU, 1.238541 seconds real
(I) Conflict number = 61
(I) Color 0 density = 878
(I) Color 1 density = 888
(I) Color 2 density = 946
(I) Color 3 density = 505
(W) Output file not specified, no file generated
(I) writing output file takes 0.000000 seconds CPU, 0.000002 seconds real
(I) program takes 1.200000 seconds CPU, 1.275059 seconds real

real	0m1.286s
user	0m1.180s
sys	0m0.036s
