

=======================================================================
                      OpenMPL - Version 1.1                        
                                by                                   
                   Yibo Lin, Bei Yu, and  David Z. Pan               
               ECE Department, University of Texas at Austin         
                         Copyright (c) 2015                          
            Contact Authors:  {yibolin,bei,dpan}@cerc.utexas.edu     
=======================================================================
(D) size of Shape = 8 bytes
(D) size of Rectangle = 24 bytes
(D) size of Polygon = 32 bytes
****OPENMP not defined !****
(I) Reading input file /research/byu2/qsun/project/ISCAS_bench/ISCAS_total/total_c5.gds
(I) Ignored 0 duplicate patterns
(I) Input data for polygon based layout...
(I) # polygon rectangles = 9786
(I) Total patterns # = 5067
(I) Shape mode = POLYGON
(I) Coloring distance = 120 db ( 120 nm )
(I) Color num = 3
(I) Simplification level = 3
(I) Thread num = 8
(I) Uncolored layer # = 2 ( 1 101 )
(I) Precolored layer # = 0
(I) Path layer # = 0
(I) Algorithm = LP_GUROBI
(I) reading input files takes 0.050000 seconds CPU, 0.116196 seconds real
(I) Constructing graph for 5067 patterns...
(I) 5067 vertices, 10362 edges
(I) Computing connected components...
(I) Solving 4 independent components...
===================  Component  0 ====================
Component 0 has 18 componetns.
====** Sub_Component 0_0  **====
	pattern number : 100
	0.020000000s user + 0.010000000s system = 0.030000000s (121.8%)
====** Sub_Component 0_1  **====
	pattern number : 120
	0.020000000s user + 0.000000000s system = 0.020000000s (77.4%)
====** Sub_Component 0_2  **====
	pattern number : 119
	0.030000000s user + 0.000000000s system = 0.030000000s (109.4%)
====** Sub_Component 0_3  **====
	pattern number : 113
	0.020000000s user + 0.010000000s system = 0.030000000s (111.0%)
====** Sub_Component 0_4  **====
	pattern number : 114
	0.030000000s user + 0.000000000s system = 0.030000000s (94.5%)
====** Sub_Component 0_5  **====
	pattern number : 100
	0.020000000s user + 0.000000000s system = 0.020000000s (90.5%)
====** Sub_Component 0_6  **====
	pattern number : 93
	0.020000000s user + 0.000000000s system = 0.020000000s (87.4%)
====** Sub_Component 0_7  **====
	pattern number : 89
	0.020000000s user + 0.000000000s system = 0.020000000s (87.7%)
====** Sub_Component 0_8  **====
	pattern number : 70
	0.010000000s user + 0.010000000s system = 0.020000000s (134.9%)
====** Sub_Component 0_9  **====
	pattern number : 120
	0.030000000s user + 0.000000000s system = 0.030000000s (117.2%)
====** Sub_Component 0_10  **====
	pattern number : 91
	0.010000000s user + 0.000000000s system = 0.010000000s (51.1%)
====** Sub_Component 0_11  **====
	pattern number : 111
	0.030000000s user + 0.000000000s system = 0.030000000s (113.4%)
====** Sub_Component 0_12  **====
	pattern number : 92
	0.020000000s user + 0.000000000s system = 0.020000000s (88.5%)
====** Sub_Component 0_13  **====
	pattern number : 112
	0.020000000s user + 0.010000000s system = 0.030000000s (110.1%)
====** Sub_Component 0_14  **====
	pattern number : 105
	0.020000000s user + 0.000000000s system = 0.020000000s (77.2%)
====** Sub_Component 0_15  **====
	pattern number : 85
	0.020000000s user + 0.000000000s system = 0.020000000s (92.1%)
====** Sub_Component 0_16  **====
	pattern number : 115
	0.030000000s user + 0.000000000s system = 0.030000000s (119.7%)
====** Sub_Component 0_17  **====
	pattern number : 97
	0.020000000s user + 0.000000000s system = 0.020000000s (72.0%)
**** total time : 2.930000000s user + 0.050000000s system = 2.980000000s (99.3%)
===================  Component  1 ====================
Component 1 has 0 componetns.
**** total time : 0.000000000s user + 0.000000000s system = 0.000000000s (n/a%)
===================  Component  2 ====================
Component 2 has 0 componetns.
**** total time : 0.000000000s user + 0.000000000s system = 0.000000000s (n/a%)
===================  Component  3 ====================
Component 3 has 0 componetns.
**** total time : 0.000000000s user + 0.000000000s system = 0.000000000s (n/a%)
(I) coloring takes 2.990000 seconds CPU, 3.013937 seconds real
(I) Conflict number = 378
(I) Color 0 density = 2041
(I) Color 1 density = 2012
(I) Color 2 density = 1014
(W) Output file not specified, no file generated
(I) writing output file takes 0.000000 seconds CPU, 0.000002 seconds real
(I) program takes 3.040000 seconds CPU, 3.130971 seconds real

real	0m3.149s
user	0m3.000s
sys	0m0.052s
