

=======================================================================
                      OpenMPL - Version 1.1                        
                                by                                   
                   Yibo Lin, Bei Yu, and  David Z. Pan               
               ECE Department, University of Texas at Austin         
                         Copyright (c) 2015                          
            Contact Authors:  {yibolin,bei,dpan}@cerc.utexas.edu     
=======================================================================
(D) size of Shape = 8 bytes
(D) size of Rectangle = 24 bytes
(D) size of Polygon = 32 bytes
****OPENMP not defined !****
(I) Reading input file /research/byu2/qsun/project/ISCAS_bench/ISCAS_total/total_c3.gds
(I) Ignored 0 duplicate patterns
(I) Input data for polygon based layout...
(I) # polygon rectangles = 4197
(I) Total patterns # = 2372
(I) Shape mode = POLYGON
(I) Coloring distance = 120 db ( 120 nm )
(I) Color num = 3
(I) Simplification level = 3
(I) Thread num = 8
(I) Uncolored layer # = 2 ( 1 101 )
(I) Precolored layer # = 0
(I) Path layer # = 0
(I) Algorithm = LP_GUROBI
(I) reading input files takes 0.010000 seconds CPU, 0.052434 seconds real
(I) Constructing graph for 2372 patterns...
(I) 2372 vertices, 4899 edges
(I) Computing connected components...
(I) Solving 4 independent components...
===================  Component  0 ====================
Component 0 has 12 componetns.
====** Sub_Component 0_0  **====
	pattern number : 77
	0.010000000s user + 0.000000000s system = 0.010000000s (85.6%)
====** Sub_Component 0_1  **====
	pattern number : 80
	0.010000000s user + 0.000000000s system = 0.010000000s (80.4%)
====** Sub_Component 0_2  **====
	pattern number : 53
	0.000000000s user + 0.000000000s system = 0.000000000s (n/a%)
====** Sub_Component 0_3  **====
	pattern number : 91
	0.020000000s user + 0.010000000s system = 0.030000000s (194.9%)
====** Sub_Component 0_4  **====
	pattern number : 71
	0.010000000s user + 0.000000000s system = 0.010000000s (92.3%)
====** Sub_Component 0_5  **====
	pattern number : 70
	0.010000000s user + 0.000000000s system = 0.010000000s (94.6%)
====** Sub_Component 0_6  **====
	pattern number : 75
	0.000000000s user + 0.000000000s system = 0.000000000s (n/a%)
====** Sub_Component 0_7  **====
	pattern number : 66
	0.010000000s user + 0.000000000s system = 0.010000000s (112.5%)
====** Sub_Component 0_8  **====
	pattern number : 66
	0.010000000s user + 0.000000000s system = 0.010000000s (108.9%)
====** Sub_Component 0_9  **====
	pattern number : 94
	0.020000000s user + 0.000000000s system = 0.020000000s (104.3%)
====** Sub_Component 0_10  **====
	pattern number : 64
	0.000000000s user + 0.000000000s system = 0.000000000s (n/a%)
====** Sub_Component 0_11  **====
	pattern number : 69
	0.010000000s user + 0.000000000s system = 0.010000000s (96.5%)
**** total time : 0.430000000s user + 0.020000000s system = 0.450000000s (98.6%)
===================  Component  1 ====================
Component 1 has 0 componetns.
**** total time : 0.000000000s user + 0.000000000s system = 0.000000000s (n/a%)
===================  Component  2 ====================
Component 2 has 0 componetns.
**** total time : 0.000000000s user + 0.000000000s system = 0.000000000s (n/a%)
===================  Component  3 ====================
Component 3 has 0 componetns.
**** total time : 0.000000000s user + 0.000000000s system = 0.000000000s (n/a%)
(I) coloring takes 0.460000 seconds CPU, 0.461951 seconds real
(I) Conflict number = 237
(I) Color 0 density = 669
(I) Color 1 density = 866
(I) Color 2 density = 837
(W) Output file not specified, no file generated
(I) writing output file takes 0.000000 seconds CPU, 0.000001 seconds real
(I) program takes 0.470000 seconds CPU, 0.514776 seconds real

real	0m0.550s
user	0m0.461s
sys	0m0.020s
