

=======================================================================
                      OpenMPL - Version 1.1                        
                                by                                   
                   Yibo Lin, Bei Yu, and  David Z. Pan               
               ECE Department, University of Texas at Austin         
                         Copyright (c) 2015                          
            Contact Authors:  {yibolin,bei,dpan}@cerc.utexas.edu     
=======================================================================
(D) size of Shape = 8 bytes
(D) size of Rectangle = 24 bytes
(D) size of Polygon = 32 bytes
****OPENMP not defined !****
(I) Reading input file /research/byu2/qsun/project/ISCAS_bench/ISCAS_total/total_c2.gds
(I) Ignored 0 duplicate patterns
(I) Input data for polygon based layout...
(I) # polygon rectangles = 3963
(I) Total patterns # = 2196
(I) Shape mode = POLYGON
(I) Coloring distance = 120 db ( 120 nm )
(I) Color num = 3
(I) Simplification level = 3
(I) Thread num = 8
(I) Uncolored layer # = 2 ( 1 101 )
(I) Precolored layer # = 0
(I) Path layer # = 0
(I) Algorithm = LP_GUROBI
(I) reading input files takes 0.020000 seconds CPU, 0.041341 seconds real
(I) Constructing graph for 2196 patterns...
(I) 2196 vertices, 4632 edges
(I) Computing connected components...
(I) Solving 10 independent components...
===================  Component  0 ====================
Component 0 has 11 componetns.
====** Sub_Component 0_0  **====
	pattern number : 66
	0.010000000s user + 0.000000000s system = 0.010000000s (58.2%)
====** Sub_Component 0_1  **====
	pattern number : 76
	0.020000000s user + 0.000000000s system = 0.020000000s (104.4%)
====** Sub_Component 0_2  **====
	pattern number : 93
	0.020000000s user + 0.010000000s system = 0.030000000s (114.8%)
====** Sub_Component 0_3  **====
	pattern number : 89
	0.020000000s user + 0.000000000s system = 0.020000000s (69.4%)
====** Sub_Component 0_4  **====
	pattern number : 97
	0.010000000s user + 0.000000000s system = 0.010000000s (35.2%)
====** Sub_Component 0_5  **====
	pattern number : 79
	0.020000000s user + 0.010000000s system = 0.030000000s (179.7%)
====** Sub_Component 0_6  **====
	pattern number : 83
	0.010000000s user + 0.000000000s system = 0.010000000s (60.8%)
====** Sub_Component 0_7  **====
	pattern number : 77
	0.020000000s user + 0.000000000s system = 0.020000000s (120.7%)
====** Sub_Component 0_8  **====
	pattern number : 64
	0.010000000s user + 0.000000000s system = 0.010000000s (63.9%)
====** Sub_Component 0_9  **====
	pattern number : 74
	0.020000000s user + 0.000000000s system = 0.020000000s (111.5%)
====** Sub_Component 0_10  **====
	pattern number : 101
	0.020000000s user + 0.000000000s system = 0.020000000s (82.0%)
**** total time : 0.510000000s user + 0.020000000s system = 0.530000000s (93.6%)
===================  Component  1 ====================
Component 1 has 0 componetns.
**** total time : 0.000000000s user + 0.000000000s system = 0.000000000s (n/a%)
===================  Component  2 ====================
Component 2 has 0 componetns.
**** total time : 0.000000000s user + 0.000000000s system = 0.000000000s (n/a%)
===================  Component  3 ====================
Component 3 has 0 componetns.
**** total time : 0.000000000s user + 0.000000000s system = 0.000000000s (n/a%)
===================  Component  4 ====================
Component 4 has 0 componetns.
**** total time : 0.000000000s user + 0.000000000s system = 0.000000000s (n/a%)
===================  Component  5 ====================
Component 5 has 0 componetns.
**** total time : 0.000000000s user + 0.000000000s system = 0.000000000s (n/a%)
===================  Component  6 ====================
Component 6 has 0 componetns.
**** total time : 0.000000000s user + 0.000000000s system = 0.000000000s (n/a%)
===================  Component  7 ====================
Component 7 has 0 componetns.
**** total time : 0.000000000s user + 0.000000000s system = 0.000000000s (n/a%)
===================  Component  8 ====================
Component 8 has 0 componetns.
**** total time : 0.000000000s user + 0.000000000s system = 0.000000000s (n/a%)
===================  Component  9 ====================
Component 9 has 0 componetns.
**** total time : 0.000000000s user + 0.000000000s system = 0.000000000s (n/a%)
(I) coloring takes 0.530000 seconds CPU, 0.571587 seconds real
(I) Conflict number = 232
(I) Color 0 density = 663
(I) Color 1 density = 756
(I) Color 2 density = 777
(W) Output file not specified, no file generated
(I) writing output file takes 0.000000 seconds CPU, 0.000002 seconds real
(I) program takes 0.550000 seconds CPU, 0.613334 seconds real

real	0m0.623s
user	0m0.533s
sys	0m0.028s
