

=======================================================================
                      OpenMPL - Version 1.1                        
                                by                                   
                   Yibo Lin, Bei Yu, and  David Z. Pan               
               ECE Department, University of Texas at Austin         
                         Copyright (c) 2015                          
            Contact Authors:  {yibolin,bei,dpan}@cerc.utexas.edu     
=======================================================================
(D) size of Shape = 8 bytes
(D) size of Rectangle = 24 bytes
(D) size of Polygon = 32 bytes
****OPENMP not defined !****
(I) Reading input file /research/byu2/qsun/project/ISCAS_bench/ISCAS_total/total_c5.gds
(I) Ignored 0 duplicate patterns
(I) Input data for polygon based layout...
(I) # polygon rectangles = 9786
(I) Total patterns # = 5067
(I) Shape mode = POLYGON
(I) Coloring distance = 160 db ( 160 nm )
(I) Color num = 4
(I) Simplification level = 3
(I) Thread num = 8
(I) Uncolored layer # = 2 ( 1 101 )
(I) Precolored layer # = 0
(I) Path layer # = 0
(I) Algorithm = LP_GUROBI
(I) reading input files takes 0.040000 seconds CPU, 0.051062 seconds real
(I) Constructing graph for 5067 patterns...
(I) 5067 vertices, 13606 edges
(I) Computing connected components...
(I) Solving 4 independent components...
===================  Component  0 ====================
Component 0 has 18 componetns.
====** Sub_Component 0_0  **====
	pattern number : 64
	0.020000000s user + 0.010000000s system = 0.030000000s (118.4%)
====** Sub_Component 0_1  **====
	pattern number : 106
	0.030000000s user + 0.000000000s system = 0.030000000s (101.1%)
====** Sub_Component 0_2  **====
	pattern number : 111
	0.030000000s user + 0.000000000s system = 0.030000000s (90.6%)
====** Sub_Component 0_3  **====
	pattern number : 81
	0.020000000s user + 0.000000000s system = 0.020000000s (91.7%)
====** Sub_Component 0_4  **====
	pattern number : 91
	0.020000000s user + 0.010000000s system = 0.030000000s (103.7%)
====** Sub_Component 0_5  **====
	pattern number : 63
	0.020000000s user + 0.000000000s system = 0.020000000s (94.0%)
====** Sub_Component 0_6  **====
	pattern number : 98
	0.030000000s user + 0.000000000s system = 0.030000000s (99.2%)
====** Sub_Component 0_7  **====
	pattern number : 88
	0.020000000s user + 0.010000000s system = 0.030000000s (114.5%)
====** Sub_Component 0_8  **====
	pattern number : 48
	0.010000000s user + 0.000000000s system = 0.010000000s (78.8%)
====** Sub_Component 0_9  **====
	pattern number : 142
	0.050000000s user + 0.000000000s system = 0.050000000s (90.6%)
====** Sub_Component 0_10  **====
	pattern number : 61
	0.010000000s user + 0.010000000s system = 0.020000000s (114.5%)
====** Sub_Component 0_11  **====
	pattern number : 82
	0.030000000s user + 0.000000000s system = 0.030000000s (123.1%)
====** Sub_Component 0_12  **====
	pattern number : 52
	0.010000000s user + 0.000000000s system = 0.010000000s (54.5%)
====** Sub_Component 0_13  **====
	pattern number : 121
	0.040000000s user + 0.000000000s system = 0.040000000s (103.1%)
====** Sub_Component 0_14  **====
	pattern number : 83
	0.020000000s user + 0.000000000s system = 0.020000000s (95.2%)
====** Sub_Component 0_15  **====
	pattern number : 64
	0.020000000s user + 0.010000000s system = 0.030000000s (145.1%)
====** Sub_Component 0_16  **====
	pattern number : 54
	0.010000000s user + 0.000000000s system = 0.010000000s (62.6%)
====** Sub_Component 0_17  **====
	pattern number : 72
	0.020000000s user + 0.000000000s system = 0.020000000s (74.4%)
**** total time : 3.190000000s user + 0.060000000s system = 3.250000000s (99.3%)
===================  Component  1 ====================
Component 1 has 0 componetns.
**** total time : 0.000000000s user + 0.000000000s system = 0.000000000s (n/a%)
===================  Component  2 ====================
Component 2 has 0 componetns.
**** total time : 0.000000000s user + 0.000000000s system = 0.000000000s (n/a%)
===================  Component  3 ====================
Component 3 has 0 componetns.
**** total time : 0.000000000s user + 0.000000000s system = 0.000000000s (n/a%)
(I) coloring takes 3.260000 seconds CPU, 3.289138 seconds real
(I) Conflict number = 78
(I) Color 0 density = 1155
(I) Color 1 density = 1427
(I) Color 2 density = 1432
(I) Color 3 density = 1053
(W) Output file not specified, no file generated
(I) writing output file takes 0.000000 seconds CPU, 0.000003 seconds real
(I) program takes 3.300000 seconds CPU, 3.341459 seconds real

real	0m3.352s
user	0m3.243s
sys	0m0.069s
