

=======================================================================
                      OpenMPL - Version 1.1                        
                                by                                   
                   Yibo Lin, Bei Yu, and  David Z. Pan               
               ECE Department, University of Texas at Austin         
                         Copyright (c) 2015                          
            Contact Authors:  {yibolin,bei,dpan}@cerc.utexas.edu     
=======================================================================
(D) size of Shape = 8 bytes
(D) size of Rectangle = 24 bytes
(D) size of Polygon = 32 bytes
****OPENMP not defined !****
(I) Reading input file /research/byu2/qsun/project/ISCAS_bench/ISCAS_total/total_c5.gds
(I) Ignored 0 duplicate patterns
(I) Input data for polygon based layout...
(I) # polygon rectangles = 9786
(I) Total patterns # = 5067
(I) Shape mode = POLYGON
(I) Coloring distance = 160 db ( 160 nm )
(I) Color num = 4
(I) Simplification level = 3
(I) Thread num = 8
(I) Uncolored layer # = 2 ( 1 101 )
(I) Precolored layer # = 0
(I) Path layer # = 0
(I) Algorithm = SDP_CSDP
(I) reading input files takes 0.040000 seconds CPU, 0.053658 seconds real
(I) Constructing graph for 5067 patterns...
(I) 5067 vertices, 13606 edges
(I) Computing connected components...
(I) Solving 4 independent components...
===================  Component  0 ====================
Component 0 has 18 componetns.
====** Sub_Component 0_0  **====
	pattern number : 64
	0.060000000s user + 0.000000000s system = 0.060000000s (114.2%)
====** Sub_Component 0_1  **====
	pattern number : 106
	0.230000000s user + 0.000000000s system = 0.230000000s (100.1%)
====** Sub_Component 0_2  **====
	pattern number : 111
	0.240000000s user + 0.000000000s system = 0.240000000s (98.7%)
====** Sub_Component 0_3  **====
	pattern number : 81
	0.110000000s user + 0.000000000s system = 0.110000000s (97.3%)
====** Sub_Component 0_4  **====
	pattern number : 91
	0.140000000s user + 0.000000000s system = 0.140000000s (99.9%)
====** Sub_Component 0_5  **====
	pattern number : 63
	0.060000000s user + 0.000000000s system = 0.060000000s (104.6%)
====** Sub_Component 0_6  **====
	pattern number : 98
	0.160000000s user + 0.000000000s system = 0.160000000s (98.0%)
====** Sub_Component 0_7  **====
	pattern number : 88
	0.120000000s user + 0.000000000s system = 0.120000000s (96.7%)
====** Sub_Component 0_8  **====
	pattern number : 48
	0.030000000s user + 0.000000000s system = 0.030000000s (131.1%)
====** Sub_Component 0_9  **====
	pattern number : 142
	0.520000000s user + 0.000000000s system = 0.520000000s (98.5%)
====** Sub_Component 0_10  **====
	pattern number : 61
	0.060000000s user + 0.000000000s system = 0.060000000s (102.1%)
====** Sub_Component 0_11  **====
	pattern number : 82
	0.120000000s user + 0.000000000s system = 0.120000000s (105.0%)
====** Sub_Component 0_12  **====
	pattern number : 52
	0.040000000s user + 0.000000000s system = 0.040000000s (103.3%)
====** Sub_Component 0_13  **====
	pattern number : 121
	0.300000000s user + 0.000000000s system = 0.300000000s (97.2%)
====** Sub_Component 0_14  **====
	pattern number : 83
	0.130000000s user + 0.010000000s system = 0.140000000s (112.7%)
====** Sub_Component 0_15  **====
	pattern number : 64
	0.060000000s user + 0.000000000s system = 0.060000000s (99.0%)
====** Sub_Component 0_16  **====
	pattern number : 54
	0.040000000s user + 0.000000000s system = 0.040000000s (92.7%)
====** Sub_Component 0_17  **====
	pattern number : 72
	0.090000000s user + 0.000000000s system = 0.090000000s (101.8%)
**** total time : 5.050000000s user + 0.010000000s system = 5.060000000s (99.6%)
===================  Component  1 ====================
Component 1 has 0 componetns.
**** total time : 0.000000000s user + 0.000000000s system = 0.000000000s (n/a%)
===================  Component  2 ====================
Component 2 has 0 componetns.
**** total time : 0.000000000s user + 0.000000000s system = 0.000000000s (n/a%)
===================  Component  3 ====================
Component 3 has 0 componetns.
**** total time : 0.000000000s user + 0.000000000s system = 0.000000000s (n/a%)
(I) coloring takes 5.070000 seconds CPU, 5.093170 seconds real
(I) Conflict number = 31
(I) Color 0 density = 1401
(I) Color 1 density = 1422
(I) Color 2 density = 1527
(I) Color 3 density = 717
(W) Output file not specified, no file generated
(I) writing output file takes 0.000000 seconds CPU, 0.000002 seconds real
(I) program takes 5.110000 seconds CPU, 5.147355 seconds real

real	0m5.216s
user	0m5.112s
sys	0m0.012s
