

=======================================================================
                      OpenMPL - Version 1.1                        
                                by                                   
                   Yibo Lin, Bei Yu, and  David Z. Pan               
               ECE Department, University of Texas at Austin         
                         Copyright (c) 2015                          
            Contact Authors:  {yibolin,bei,dpan}@cerc.utexas.edu     
=======================================================================
(D) size of Shape = 8 bytes
(D) size of Rectangle = 24 bytes
(D) size of Polygon = 32 bytes
****OPENMP not defined !****
(I) Reading input file /research/byu2/qsun/project/ISCAS_bench/ISCAS_total/total_c5.gds
(I) Ignored 0 duplicate patterns
(I) Input data for polygon based layout...
(I) # polygon rectangles = 9786
(I) Total patterns # = 5067
(I) Shape mode = POLYGON
(I) Coloring distance = 120 db ( 120 nm )
(I) Color num = 3
(I) Simplification level = 3
(I) Thread num = 8
(I) Uncolored layer # = 2 ( 1 101 )
(I) Precolored layer # = 0
(I) Path layer # = 0
(I) Algorithm = ILP_GURBOI
(I) reading input files takes 0.040000 seconds CPU, 0.048772 seconds real
(I) Constructing graph for 5067 patterns...
(I) 5067 vertices, 10362 edges
(I) Computing connected components...
(I) Solving 4 independent components...
===================  Component  0 ====================
Component 0 has 18 componetns.
====** Sub_Component 0_0  **====
	pattern number : 100
	5.420000000s user + 0.020000000s system = 5.440000000s (99.6%)
====** Sub_Component 0_1  **====
	pattern number : 120
	32.710000000s user + 0.040000000s system = 32.750000000s (99.0%)
====** Sub_Component 0_2  **====
	pattern number : 119
	33.600000000s user + 0.050000000s system = 33.650000000s (99.1%)
====** Sub_Component 0_3  **====
	pattern number : 113
	22.390000000s user + 0.040000000s system = 22.430000000s (98.6%)
====** Sub_Component 0_4  **====
	pattern number : 114
	11.670000000s user + 0.030000000s system = 11.700000000s (99.0%)
====** Sub_Component 0_5  **====
	pattern number : 100
	24.290000000s user + 0.030000000s system = 24.320000000s (99.0%)
====** Sub_Component 0_6  **====
	pattern number : 93
	16.400000000s user + 0.020000000s system = 16.420000000s (98.6%)
====** Sub_Component 0_7  **====
	pattern number : 89
	20.400000000s user + 0.030000000s system = 20.430000000s (99.0%)
====** Sub_Component 0_8  **====
	pattern number : 70
	7.910000000s user + 0.010000000s system = 7.920000000s (99.8%)
====** Sub_Component 0_9  **====
	pattern number : 120
	38.350000000s user + 0.050000000s system = 38.400000000s (99.2%)
====** Sub_Component 0_10  **====
	pattern number : 91
	6.350000000s user + 0.020000000s system = 6.370000000s (99.2%)
====** Sub_Component 0_11  **====
	pattern number : 111
	26.360000000s user + 0.030000000s system = 26.390000000s (98.9%)
====** Sub_Component 0_12  **====
	pattern number : 92
	12.040000000s user + 0.010000000s system = 12.050000000s (99.0%)
====** Sub_Component 0_13  **====
	pattern number : 112
	31.010000000s user + 0.060000000s system = 31.070000000s (99.0%)
====** Sub_Component 0_14  **====
	pattern number : 105
	22.680000000s user + 0.030000000s system = 22.710000000s (99.3%)
====** Sub_Component 0_15  **====
	pattern number : 85
	12.900000000s user + 0.020000000s system = 12.920000000s (99.4%)
====** Sub_Component 0_16  **====
	pattern number : 115
	27.860000000s user + 0.040000000s system = 27.900000000s (99.1%)
====** Sub_Component 0_17  **====
	pattern number : 97
	23.510000000s user + 0.020000000s system = 23.530000000s (99.0%)
**** total time : 378.450000000s user + 0.550000000s system = 379.000000000s (99.0%)
===================  Component  1 ====================
Component 1 has 0 componetns.
**** total time : 0.000000000s user + 0.000000000s system = 0.000000000s (n/a%)
===================  Component  2 ====================
Component 2 has 0 componetns.
**** total time : 0.000000000s user + 0.000000000s system = 0.000000000s (n/a%)
===================  Component  3 ====================
Component 3 has 0 componetns.
**** total time : 0.000000000s user + 0.000000000s system = 0.000000000s (n/a%)
(I) coloring takes 379.010000 seconds CPU, 382.712625 seconds real
(I) Conflict number = 304
(I) Color 0 density = 871
(I) Color 1 density = 2142
(I) Color 2 density = 2054
(W) Output file not specified, no file generated
(I) writing output file takes 0.000000 seconds CPU, 0.000001 seconds real
(I) program takes 379.050000 seconds CPU, 382.762092 seconds real

real	6m22.773s
user	6m18.505s
sys	0m0.559s
