

=======================================================================
                      OpenMPL - Version 1.1                        
                                by                                   
                   Yibo Lin, Bei Yu, and  David Z. Pan               
               ECE Department, University of Texas at Austin         
                         Copyright (c) 2015                          
            Contact Authors:  {yibolin,bei,dpan}@cerc.utexas.edu     
=======================================================================
(D) size of Shape = 8 bytes
(D) size of Rectangle = 24 bytes
(D) size of Polygon = 32 bytes
****OPENMP not defined !****
(I) Reading input file /research/byu2/qsun/project/ISCAS_bench/ISCAS_total/total_c4.gds
(I) Ignored 0 duplicate patterns
(I) Input data for polygon based layout...
(I) # polygon rectangles = 6257
(I) Total patterns # = 3217
(I) Shape mode = POLYGON
(I) Coloring distance = 120 db ( 120 nm )
(I) Color num = 3
(I) Simplification level = 3
(I) Thread num = 8
(I) Uncolored layer # = 2 ( 1 101 )
(I) Precolored layer # = 0
(I) Path layer # = 0
(I) Algorithm = SDP_CSDP
(I) reading input files takes 0.020000 seconds CPU, 0.031725 seconds real
(I) Constructing graph for 3217 patterns...
(I) 3217 vertices, 6226 edges
(I) Computing connected components...
(I) Solving 6 independent components...
===================  Component  0 ====================
Component 0 has 14 componetns.
====** Sub_Component 0_0  **====
	pattern number : 91
	0.230000000s user + 0.000000000s system = 0.230000000s (99.3%)
====** Sub_Component 0_1  **====
	pattern number : 38
	0.030000000s user + 0.000000000s system = 0.030000000s (108.4%)
====** Sub_Component 0_2  **====
	pattern number : 54
	0.060000000s user + 0.000000000s system = 0.060000000s (93.3%)
====** Sub_Component 0_3  **====
	pattern number : 72
	0.120000000s user + 0.000000000s system = 0.120000000s (100.1%)
====** Sub_Component 0_4  **====
	pattern number : 58
	0.070000000s user + 0.000000000s system = 0.070000000s (102.3%)
====** Sub_Component 0_5  **====
	pattern number : 65
	0.100000000s user + 0.000000000s system = 0.100000000s (98.1%)
====** Sub_Component 0_6  **====
	pattern number : 57
	0.070000000s user + 0.000000000s system = 0.070000000s (102.2%)
====** Sub_Component 0_7  **====
	pattern number : 67
	0.110000000s user + 0.000000000s system = 0.110000000s (100.2%)
====** Sub_Component 0_8  **====
	pattern number : 53
	0.060000000s user + 0.000000000s system = 0.060000000s (103.0%)
====** Sub_Component 0_9  **====
	pattern number : 65
	0.100000000s user + 0.000000000s system = 0.100000000s (97.0%)
====** Sub_Component 0_10  **====
	pattern number : 42
	0.040000000s user + 0.000000000s system = 0.040000000s (110.2%)
====** Sub_Component 0_11  **====
	pattern number : 60
	0.060000000s user + 0.000000000s system = 0.060000000s (88.5%)
====** Sub_Component 0_12  **====
	pattern number : 57
	0.070000000s user + 0.000000000s system = 0.070000000s (102.6%)
====** Sub_Component 0_13  **====
	pattern number : 82
	0.160000000s user + 0.000000000s system = 0.160000000s (103.8%)
**** total time : 2.080000000s user + 0.010000000s system = 2.090000000s (99.7%)
===================  Component  1 ====================
Component 1 has 0 componetns.
**** total time : 0.000000000s user + 0.000000000s system = 0.000000000s (n/a%)
===================  Component  2 ====================
Component 2 has 0 componetns.
**** total time : 0.000000000s user + 0.000000000s system = 0.000000000s (n/a%)
===================  Component  3 ====================
Component 3 has 0 componetns.
**** total time : 0.000000000s user + 0.000000000s system = 0.000000000s (n/a%)
===================  Component  4 ====================
Component 4 has 0 componetns.
**** total time : 0.000000000s user + 0.000000000s system = 0.000000000s (n/a%)
===================  Component  5 ====================
Component 5 has 0 componetns.
**** total time : 0.000000000s user + 0.000000000s system = 0.000000000s (n/a%)
(I) coloring takes 2.100000 seconds CPU, 2.107014 seconds real
(I) Conflict number = 157
(I) Color 0 density = 650
(I) Color 1 density = 1299
(I) Color 2 density = 1268
(W) Output file not specified, no file generated
(I) writing output file takes 0.000000 seconds CPU, 0.000002 seconds real
(I) program takes 2.120000 seconds CPU, 2.139274 seconds real

real	0m2.150s
user	0m2.119s
sys	0m0.011s
