

=======================================================================
                      OpenMPL - Version 1.1                        
                                by                                   
                   Yibo Lin, Bei Yu, and  David Z. Pan               
               ECE Department, University of Texas at Austin         
                         Copyright (c) 2015                          
            Contact Authors:  {yibolin,bei,dpan}@cerc.utexas.edu     
=======================================================================
(D) size of Shape = 8 bytes
(D) size of Rectangle = 24 bytes
(D) size of Polygon = 32 bytes
****OPENMP not defined !****
(I) Reading input file /research/byu2/qsun/project/ISCAS_bench/ISCAS_total/total_c4.gds
(I) Ignored 0 duplicate patterns
(I) Input data for polygon based layout...
(I) # polygon rectangles = 6257
(I) Total patterns # = 3217
(I) Shape mode = POLYGON
(I) Coloring distance = 120 db ( 120 nm )
(I) Color num = 3
(I) Simplification level = 3
(I) Thread num = 8
(I) Uncolored layer # = 2 ( 1 101 )
(I) Precolored layer # = 0
(I) Path layer # = 0
(I) Algorithm = ILP_GURBOI
(I) reading input files takes 0.020000 seconds CPU, 0.028480 seconds real
(I) Constructing graph for 3217 patterns...
(I) 3217 vertices, 6226 edges
(I) Computing connected components...
(I) Solving 6 independent components...
===================  Component  0 ====================
Component 0 has 14 componetns.
====** Sub_Component 0_0  **====
	pattern number : 91
	21.590000000s user + 0.070000000s system = 21.660000000s (99.4%)
====** Sub_Component 0_1  **====
	pattern number : 38
	0.100000000s user + 0.000000000s system = 0.100000000s (98.0%)
====** Sub_Component 0_2  **====
	pattern number : 54
	0.230000000s user + 0.000000000s system = 0.230000000s (97.4%)
====** Sub_Component 0_3  **====
	pattern number : 72
	15.670000000s user + 0.020000000s system = 15.690000000s (98.9%)
====** Sub_Component 0_4  **====
	pattern number : 58
	9.390000000s user + 0.010000000s system = 9.400000000s (98.9%)
====** Sub_Component 0_5  **====
	pattern number : 65
	4.690000000s user + 0.010000000s system = 4.700000000s (98.9%)
====** Sub_Component 0_6  **====
	pattern number : 57
	5.590000000s user + 0.020000000s system = 5.610000000s (99.7%)
====** Sub_Component 0_7  **====
	pattern number : 67
	1.010000000s user + 0.010000000s system = 1.020000000s (98.4%)
====** Sub_Component 0_8  **====
	pattern number : 53
	1.500000000s user + 0.010000000s system = 1.510000000s (98.4%)
====** Sub_Component 0_9  **====
	pattern number : 65
	1.930000000s user + 0.010000000s system = 1.940000000s (99.7%)
====** Sub_Component 0_10  **====
	pattern number : 42
	0.130000000s user + 0.000000000s system = 0.130000000s (96.0%)
====** Sub_Component 0_11  **====
	pattern number : 60
	4.470000000s user + 0.010000000s system = 4.480000000s (98.4%)
====** Sub_Component 0_12  **====
	pattern number : 57
	3.020000000s user + 0.010000000s system = 3.030000000s (99.4%)
====** Sub_Component 0_13  **====
	pattern number : 82
	19.800000000s user + 0.030000000s system = 19.830000000s (99.2%)
**** total time : 89.950000000s user + 0.210000000s system = 90.160000000s (99.1%)
===================  Component  1 ====================
Component 1 has 0 componetns.
**** total time : 0.000000000s user + 0.000000000s system = 0.000000000s (n/a%)
===================  Component  2 ====================
Component 2 has 0 componetns.
**** total time : 0.000000000s user + 0.000000000s system = 0.000000000s (n/a%)
===================  Component  3 ====================
Component 3 has 0 componetns.
**** total time : 0.000000000s user + 0.000000000s system = 0.000000000s (n/a%)
===================  Component  4 ====================
Component 4 has 0 componetns.
**** total time : 0.000000000s user + 0.000000000s system = 0.000000000s (n/a%)
===================  Component  5 ====================
Component 5 has 0 componetns.
**** total time : 0.000000000s user + 0.000000000s system = 0.000000000s (n/a%)
(I) coloring takes 90.170000 seconds CPU, 90.988317 seconds real
(I) Conflict number = 154
(I) Color 0 density = 606
(I) Color 1 density = 1308
(I) Color 2 density = 1303
(W) Output file not specified, no file generated
(I) writing output file takes 0.000000 seconds CPU, 0.000002 seconds real
(I) program takes 90.190000 seconds CPU, 91.017344 seconds real

real	1m31.045s
user	1m29.988s
sys	0m0.213s
