

=======================================================================
                      OpenMPL - Version 1.1                        
                                by                                   
                   Yibo Lin, Bei Yu, and  David Z. Pan               
               ECE Department, University of Texas at Austin         
                         Copyright (c) 2015                          
            Contact Authors:  {yibolin,bei,dpan}@cerc.utexas.edu     
=======================================================================
(D) size of Shape = 8 bytes
(D) size of Rectangle = 24 bytes
(D) size of Polygon = 32 bytes
****OPENMP not defined !****
(I) Reading input file /research/byu2/qsun/project/ISCAS_bench/ISCAS_total/total_c2.gds
(I) Ignored 0 duplicate patterns
(I) Input data for polygon based layout...
(I) # polygon rectangles = 3963
(I) Total patterns # = 2196
(I) Shape mode = POLYGON
(I) Coloring distance = 160 db ( 160 nm )
(I) Color num = 4
(I) Simplification level = 3
(I) Thread num = 8
(I) Uncolored layer # = 2 ( 1 101 )
(I) Precolored layer # = 0
(I) Path layer # = 0
(I) Algorithm = ILP_GURBOI
(I) reading input files takes 0.330000 seconds CPU, 0.359091 seconds real
(I) Constructing graph for 2196 patterns...
(I) 2196 vertices, 6397 edges
(I) Computing connected components...
(I) Solving 10 independent components...
===================  Component  0 ====================
Component 0 has 11 componetns.
====** Sub_Component 0_0  **====
	pattern number : 78
	0.780000000s user + 0.010000000s system = 0.790000000s (97.7%)
====** Sub_Component 0_1  **====
	pattern number : 79
	0.070000000s user + 0.010000000s system = 0.080000000s (124.6%)
====** Sub_Component 0_2  **====
	pattern number : 110
	0.160000000s user + 0.010000000s system = 0.170000000s (93.6%)
====** Sub_Component 0_3  **====
	pattern number : 94
	42.820000000s user + 0.060000000s system = 42.880000000s (98.7%)
====** Sub_Component 0_4  **====
	pattern number : 113
	33.460000000s user + 0.130000000s system = 33.590000000s (98.5%)
====** Sub_Component 0_5  **====
	pattern number : 97
	4.360000000s user + 0.030000000s system = 4.390000000s (100.0%)
====** Sub_Component 0_6  **====
	pattern number : 115
	0.110000000s user + 0.000000000s system = 0.110000000s (95.5%)
====** Sub_Component 0_7  **====
	pattern number : 77
	36.700000000s user + 0.100000000s system = 36.800000000s (98.8%)
====** Sub_Component 0_8  **====
	pattern number : 74
	0.310000000s user + 0.000000000s system = 0.310000000s (96.8%)
====** Sub_Component 0_9  **====
	pattern number : 89
	6.600000000s user + 0.030000000s system = 6.630000000s (94.8%)
====** Sub_Component 0_10  **====
	pattern number : 135
	1.790000000s user + 0.010000000s system = 1.800000000s (95.0%)
component_conflict_num = 17	acc_obj_value = 17
**** total time : 135.060000000s user + 0.390000000s system = 135.450000000s (98.5%)
===================  Component  1 ====================
Component 1 has 0 componetns.
component_conflict_num = 0	acc_obj_value = 0
**** total time : 0.000000000s user + 0.000000000s system = 0.000000000s (n/a%)
===================  Component  2 ====================
Component 2 has 0 componetns.
component_conflict_num = 0	acc_obj_value = 0
**** total time : 0.000000000s user + 0.000000000s system = 0.000000000s (n/a%)
===================  Component  3 ====================
Component 3 has 0 componetns.
component_conflict_num = 0	acc_obj_value = 0
**** total time : 0.000000000s user + 0.000000000s system = 0.000000000s (n/a%)
===================  Component  4 ====================
Component 4 has 0 componetns.
component_conflict_num = 0	acc_obj_value = 0
**** total time : 0.000000000s user + 0.000000000s system = 0.000000000s (n/a%)
===================  Component  5 ====================
Component 5 has 0 componetns.
component_conflict_num = 0	acc_obj_value = 0
**** total time : 0.000000000s user + 0.000000000s system = 0.000000000s (n/a%)
===================  Component  6 ====================
Component 6 has 0 componetns.
component_conflict_num = 0	acc_obj_value = 0
**** total time : 0.000000000s user + 0.000000000s system = 0.000000000s (n/a%)
===================  Component  7 ====================
Component 7 has 0 componetns.
component_conflict_num = 0	acc_obj_value = 0
**** total time : 0.000000000s user + 0.000000000s system = 0.000000000s (n/a%)
===================  Component  8 ====================
Component 8 has 0 componetns.
component_conflict_num = 0	acc_obj_value = 0
**** total time : 0.000000000s user + 0.000000000s system = 0.000000000s (n/a%)
===================  Component  9 ====================
Component 9 has 0 componetns.
component_conflict_num = 0	acc_obj_value = 0
**** total time : 0.000000000s user + 0.000000000s system = 0.000000000s (n/a%)
(I) coloring takes 135.630000 seconds CPU, 137.631979 seconds real
(I) Conflict number = 17
(I) Color 0 density = 572
(I) Color 1 density = 619
(I) Color 2 density = 427
(I) Color 3 density = 578
(W) Output file not specified, no file generated
(I) writing output file takes 0.000000 seconds CPU, 0.000002 seconds real
(I) program takes 135.960000 seconds CPU, 137.992164 seconds real

real	2m18.027s
user	2m15.574s
sys	0m0.399s
