

=======================================================================
                      OpenMPL - Version 1.1                        
                                by                                   
                   Yibo Lin, Bei Yu, and  David Z. Pan               
               ECE Department, University of Texas at Austin         
                         Copyright (c) 2015                          
            Contact Authors:  {yibolin,bei,dpan}@cerc.utexas.edu     
=======================================================================
(D) size of Shape = 8 bytes
(D) size of Rectangle = 24 bytes
(D) size of Polygon = 32 bytes
****OPENMP not defined !****
(I) Reading input file /research/byu2/qsun/project/ISCAS_bench/ISCAS_total/total_c1.gds
(I) Ignored 0 duplicate patterns
(I) Input data for polygon based layout...
(I) # polygon rectangles = 2093
(I) Total patterns # = 1124
(I) Shape mode = POLYGON
(I) Coloring distance = 160 db ( 160 nm )
(I) Color num = 4
(I) Simplification level = 3
(I) Thread num = 8
(I) Uncolored layer # = 2 ( 1 101 )
(I) Precolored layer # = 0
(I) Path layer # = 0
(I) Algorithm = LP_GUROBI
(I) reading input files takes 0.170000 seconds CPU, 0.187848 seconds real
(I) Constructing graph for 1124 patterns...
(I) 1124 vertices, 3084 edges
(I) Computing connected components...
(I) Solving 4 independent components...
===================  Component  0 ====================
Component 0 has 8 componetns.
====** Sub_Component 0_0  **====
	pattern number : 45
	conflict number : 1
	0.050000000s user + 0.000000000s system = 0.050000000s (75.9%)
====** Sub_Component 0_1  **====
	pattern number : 67
	conflict number : 6
	0.120000000s user + 0.010000000s system = 0.130000000s (108.7%)
====** Sub_Component 0_2  **====
	pattern number : 48
	conflict number : 0
	0.160000000s user + 0.000000000s system = 0.160000000s (95.1%)
====** Sub_Component 0_3  **====
	pattern number : 56
	conflict number : 1
	0.090000000s user + 0.000000000s system = 0.090000000s (99.7%)
====** Sub_Component 0_4  **====
	pattern number : 31
	conflict number : 1
	0.030000000s user + 0.000000000s system = 0.030000000s (77.2%)
====** Sub_Component 0_5  **====
	pattern number : 42
	conflict number : 2
	0.040000000s user + 0.000000000s system = 0.040000000s (91.0%)
====** Sub_Component 0_6  **====
	pattern number : 54
	conflict number : 2
	0.080000000s user + 0.010000000s system = 0.090000000s (116.7%)
====** Sub_Component 0_7  **====
	pattern number : 27
	conflict number : 1
	0.040000000s user + 0.000000000s system = 0.040000000s (104.9%)
component_conflict_num = 14	acc_obj_value = 14
**** total time : 2.680000000s user + 0.020000000s system = 2.700000000s (99.1%)
===================  Component  1 ====================
Component 1 has 0 componetns.
component_conflict_num = 0	acc_obj_value = 0
**** total time : 0.000000000s user + 0.000000000s system = 0.000000000s (n/a%)
===================  Component  2 ====================
Component 2 has 0 componetns.
component_conflict_num = 0	acc_obj_value = 0
**** total time : 0.000000000s user + 0.000000000s system = 0.000000000s (n/a%)
===================  Component  3 ====================
Component 3 has 0 componetns.
component_conflict_num = 0	acc_obj_value = 0
**** total time : 0.000000000s user + 0.000000000s system = 0.000000000s (n/a%)
(I) coloring takes 2.780000 seconds CPU, 2.805690 seconds real
(I) Conflict number = 14
(I) Color 0 density = 284
(I) Color 1 density = 280
(I) Color 2 density = 241
(I) Color 3 density = 319
(I) Write output gds file: /research/byu2/qsun/project/gempl/bin/benchout/total_c1_out.gds
(I) writing output file takes 0.020000 seconds CPU, 0.030210 seconds real
(I) program takes 2.970000 seconds CPU, 3.024461 seconds real

real	0m3.045s
user	0m2.952s
sys	0m0.025s
