

=======================================================================
                      OpenMPL - Version 1.1                        
                                by                                   
                   Yibo Lin, Bei Yu, and  David Z. Pan               
               ECE Department, University of Texas at Austin         
                         Copyright (c) 2015                          
            Contact Authors:  {yibolin,bei,dpan}@cerc.utexas.edu     
=======================================================================
(D) size of Shape = 8 bytes
(D) size of Rectangle = 24 bytes
(D) size of Polygon = 32 bytes
****OPENMP not defined !****
(I) Reading input file /research/byu2/qsun/project/ISCAS_bench/ISCAS_total/total_c5.gds
(I) Ignored 0 duplicate patterns
(I) Input data for polygon based layout...
(I) # polygon rectangles = 9786
(I) Total patterns # = 5067
(I) Shape mode = POLYGON
(I) Coloring distance = 160 db ( 160 nm )
(I) Color num = 4
(I) Simplification level = 3
(I) Thread num = 8
(I) Uncolored layer # = 2 ( 1 101 )
(I) Precolored layer # = 0
(I) Path layer # = 0
(I) Algorithm = SDP_CSDP
(I) reading input files takes 0.930000 seconds CPU, 0.967155 seconds real
(I) Constructing graph for 5067 patterns...
(I) 5067 vertices, 13606 edges
(I) Computing connected components...
(I) Solving 4 independent components...
===================  Component  0 ====================
Component 0 has 18 componetns.
====** Sub_Component 0_0  **====
	pattern number : 64
	0.090000000s user + 0.000000000s system = 0.090000000s (108.1%)
====** Sub_Component 0_1  **====
	pattern number : 106
	0.390000000s user + 0.000000000s system = 0.390000000s (98.1%)
====** Sub_Component 0_2  **====
	pattern number : 111
	0.420000000s user + 0.000000000s system = 0.420000000s (99.6%)
====** Sub_Component 0_3  **====
	pattern number : 81
	0.180000000s user + 0.000000000s system = 0.180000000s (96.8%)
====** Sub_Component 0_4  **====
	pattern number : 91
	0.230000000s user + 0.000000000s system = 0.230000000s (96.3%)
====** Sub_Component 0_5  **====
	pattern number : 63
	0.090000000s user + 0.000000000s system = 0.090000000s (96.5%)
====** Sub_Component 0_6  **====
	pattern number : 98
	0.290000000s user + 0.000000000s system = 0.290000000s (100.4%)
====** Sub_Component 0_7  **====
	pattern number : 88
	0.200000000s user + 0.000000000s system = 0.200000000s (97.8%)
====** Sub_Component 0_8  **====
	pattern number : 48
	0.040000000s user + 0.000000000s system = 0.040000000s (103.7%)
====** Sub_Component 0_9  **====
	pattern number : 142
	0.960000000s user + 0.000000000s system = 0.960000000s (99.3%)
====** Sub_Component 0_10  **====
	pattern number : 61
	0.090000000s user + 0.000000000s system = 0.090000000s (89.6%)
====** Sub_Component 0_11  **====
	pattern number : 82
	0.200000000s user + 0.000000000s system = 0.200000000s (101.1%)
====** Sub_Component 0_12  **====
	pattern number : 52
	0.060000000s user + 0.000000000s system = 0.060000000s (93.5%)
====** Sub_Component 0_13  **====
	pattern number : 121
	0.550000000s user + 0.000000000s system = 0.550000000s (100.8%)
====** Sub_Component 0_14  **====
	pattern number : 83
	0.210000000s user + 0.000000000s system = 0.210000000s (98.3%)
====** Sub_Component 0_15  **====
	pattern number : 64
	0.090000000s user + 0.000000000s system = 0.090000000s (93.6%)
====** Sub_Component 0_16  **====
	pattern number : 54
	0.080000000s user + 0.000000000s system = 0.080000000s (107.8%)
====** Sub_Component 0_17  **====
	pattern number : 72
	0.140000000s user + 0.000000000s system = 0.140000000s (92.1%)
component_conflict_num = 31	acc_obj_value = 31
**** total time : 63.540000000s user + 0.040000000s system = 63.580000000s (99.1%)
===================  Component  1 ====================
Component 1 has 0 componetns.
component_conflict_num = 0	acc_obj_value = 0
**** total time : 0.000000000s user + 0.000000000s system = 0.000000000s (n/a%)
===================  Component  2 ====================
Component 2 has 0 componetns.
component_conflict_num = 0	acc_obj_value = 0
**** total time : 0.000000000s user + 0.000000000s system = 0.000000000s (n/a%)
===================  Component  3 ====================
Component 3 has 0 componetns.
component_conflict_num = 0	acc_obj_value = 0
**** total time : 0.000000000s user + 0.000000000s system = 0.000000000s (n/a%)
(I) coloring takes 64.030000 seconds CPU, 64.641612 seconds real
(I) Conflict number = 31
(I) Color 0 density = 1401
(I) Color 1 density = 1422
(I) Color 2 density = 1527
(I) Color 3 density = 717
(W) Output file not specified, no file generated
(I) writing output file takes 0.000000 seconds CPU, 0.000031 seconds real
(I) program takes 64.960000 seconds CPU, 65.610521 seconds real

real	1m5.639s
user	1m4.931s
sys	0m0.048s
