

=======================================================================
                      OpenMPL - Version 1.1                        
                                by                                   
                   Yibo Lin, Bei Yu, and  David Z. Pan               
               ECE Department, University of Texas at Austin         
                         Copyright (c) 2015                          
            Contact Authors:  {yibolin,bei,dpan}@cerc.utexas.edu     
=======================================================================
(D) size of Shape = 8 bytes
(D) size of Rectangle = 24 bytes
(D) size of Polygon = 32 bytes
****OPENMP not defined !****
(I) Reading input file /research/byu2/qsun/project/ISCAS_bench/ISCAS_total/total_c4.gds
(I) Ignored 0 duplicate patterns
(I) Input data for polygon based layout...
(I) # polygon rectangles = 6257
(I) Total patterns # = 3217
(I) Shape mode = POLYGON
(I) Coloring distance = 120 db ( 120 nm )
(I) Color num = 3
(I) Simplification level = 3
(I) Thread num = 8
(I) Uncolored layer # = 2 ( 1 101 )
(I) Precolored layer # = 0
(I) Path layer # = 0
(I) Algorithm = LP_GUROBI
(I) reading input files takes 0.550000 seconds CPU, 0.562082 seconds real
(I) Constructing graph for 3217 patterns...
(I) 3217 vertices, 6226 edges
(I) Computing connected components...
(I) Solving 6 independent components...
===================  Component  0 ====================
Component 0 has 14 componetns.
====** Sub_Component 0_0  **====
	pattern number : 91
	conflict number : 22
	0.130000000s user + 0.000000000s system = 0.130000000s (94.9%)
====** Sub_Component 0_1  **====
	pattern number : 38
	conflict number : 4
	0.040000000s user + 0.000000000s system = 0.040000000s (98.7%)
====** Sub_Component 0_2  **====
	pattern number : 54
	conflict number : 6
	0.070000000s user + 0.010000000s system = 0.080000000s (118.8%)
====** Sub_Component 0_3  **====
	pattern number : 72
	conflict number : 19
	0.090000000s user + 0.000000000s system = 0.090000000s (97.2%)
====** Sub_Component 0_4  **====
	pattern number : 58
	conflict number : 15
	0.060000000s user + 0.000000000s system = 0.060000000s (97.5%)
====** Sub_Component 0_5  **====
	pattern number : 65
	conflict number : 12
	0.110000000s user + 0.000000000s system = 0.110000000s (96.3%)
====** Sub_Component 0_6  **====
	pattern number : 57
	conflict number : 11
	0.080000000s user + 0.000000000s system = 0.080000000s (99.0%)
====** Sub_Component 0_7  **====
	pattern number : 67
	conflict number : 10
	0.060000000s user + 0.000000000s system = 0.060000000s (90.2%)
====** Sub_Component 0_8  **====
	pattern number : 53
	conflict number : 9
	0.050000000s user + 0.010000000s system = 0.060000000s (127.6%)
====** Sub_Component 0_9  **====
	pattern number : 65
	conflict number : 14
	0.090000000s user + 0.000000000s system = 0.090000000s (90.3%)
====** Sub_Component 0_10  **====
	pattern number : 42
	conflict number : 4
	0.030000000s user + 0.000000000s system = 0.030000000s (77.1%)
====** Sub_Component 0_11  **====
	pattern number : 60
	conflict number : 12
	0.060000000s user + 0.000000000s system = 0.060000000s (98.4%)
====** Sub_Component 0_12  **====
	pattern number : 57
	conflict number : 12
	0.060000000s user + 0.000000000s system = 0.060000000s (98.7%)
====** Sub_Component 0_13  **====
	pattern number : 82
	conflict number : 21
	0.120000000s user + 0.010000000s system = 0.130000000s (96.7%)
component_conflict_num = 171	acc_obj_value = 171
**** total time : 18.560000000s user + 0.030000000s system = 18.590000000s (97.7%)
===================  Component  1 ====================
Component 1 has 0 componetns.
component_conflict_num = 0	acc_obj_value = 0
**** total time : 0.000000000s user + 0.000000000s system = 0.000000000s (n/a%)
===================  Component  2 ====================
Component 2 has 0 componetns.
component_conflict_num = 0	acc_obj_value = 0
**** total time : 0.000000000s user + 0.000000000s system = 0.000000000s (n/a%)
===================  Component  3 ====================
Component 3 has 0 componetns.
component_conflict_num = 0	acc_obj_value = 0
**** total time : 0.000000000s user + 0.000000000s system = 0.000000000s (n/a%)
===================  Component  4 ====================
Component 4 has 0 componetns.
component_conflict_num = 0	acc_obj_value = 0
**** total time : 0.000000000s user + 0.000000000s system = 0.000000000s (n/a%)
===================  Component  5 ====================
Component 5 has 0 componetns.
component_conflict_num = 0	acc_obj_value = 0
**** total time : 0.000000000s user + 0.000000000s system = 0.000000000s (n/a%)
(I) coloring takes 18.830000 seconds CPU, 19.294456 seconds real
(I) Conflict number = 171
(I) Color 0 density = 1272
(I) Color 1 density = 1302
(I) Color 2 density = 643
(I) Write output gds file: /research/byu2/qsun/project/gempl/bin/benchout/total_c4_out.gds
(I) writing output file takes 0.030000 seconds CPU, 0.052041 seconds real
(I) program takes 19.410000 seconds CPU, 19.909617 seconds real

real	0m19.918s
user	0m19.387s
sys	0m0.041s
