

=======================================================================
                      OpenMPL - Version 1.1                        
                                by                                   
                   Yibo Lin, Bei Yu, and  David Z. Pan               
               ECE Department, University of Texas at Austin         
                         Copyright (c) 2015                          
            Contact Authors:  {yibolin,bei,dpan}@cerc.utexas.edu     
=======================================================================
(D) size of Shape = 8 bytes
(D) size of Rectangle = 24 bytes
(D) size of Polygon = 32 bytes
****OPENMP not defined !****
(I) Reading input file /research/byu2/qsun/project/ISCAS_bench/ISCAS_total/total_c2.gds
(I) Ignored 0 duplicate patterns
(I) Input data for polygon based layout...
(I) # polygon rectangles = 3963
(I) Total patterns # = 2196
(I) Shape mode = POLYGON
(I) Coloring distance = 120 db ( 120 nm )
(I) Color num = 3
(I) Simplification level = 3
(I) Thread num = 8
(I) Uncolored layer # = 2 ( 1 101 )
(I) Precolored layer # = 0
(I) Path layer # = 0
(I) Algorithm = LP_GUROBI
(I) reading input files takes 0.330000 seconds CPU, 0.339664 seconds real
(I) Constructing graph for 2196 patterns...
(I) 2196 vertices, 4632 edges
(I) Computing connected components...
(I) Solving 10 independent components...
===================  Component  0 ====================
Component 0 has 11 componetns.
====** Sub_Component 0_0  **====
	pattern number : 66
	conflict number : 19
	0.080000000s user + 0.010000000s system = 0.090000000s (113.4%)
====** Sub_Component 0_1  **====
	pattern number : 76
	conflict number : 15
	0.140000000s user + 0.000000000s system = 0.140000000s (97.8%)
====** Sub_Component 0_2  **====
	pattern number : 93
	conflict number : 24
	0.140000000s user + 0.000000000s system = 0.140000000s (84.4%)
====** Sub_Component 0_3  **====
	pattern number : 89
	conflict number : 22
	0.140000000s user + 0.010000000s system = 0.150000000s (103.7%)
====** Sub_Component 0_4  **====
	pattern number : 97
	conflict number : 29
	0.170000000s user + 0.000000000s system = 0.170000000s (102.5%)
====** Sub_Component 0_5  **====
	pattern number : 79
	conflict number : 18
	0.090000000s user + 0.000000000s system = 0.090000000s (97.6%)
====** Sub_Component 0_6  **====
	pattern number : 83
	conflict number : 23
	0.120000000s user + 0.000000000s system = 0.120000000s (94.5%)
====** Sub_Component 0_7  **====
	pattern number : 77
	conflict number : 16
	0.110000000s user + 0.000000000s system = 0.110000000s (101.8%)
====** Sub_Component 0_8  **====
	pattern number : 64
	conflict number : 15
	0.080000000s user + 0.010000000s system = 0.090000000s (101.3%)
====** Sub_Component 0_9  **====
	pattern number : 74
	conflict number : 17
	0.110000000s user + 0.000000000s system = 0.110000000s (95.1%)
====** Sub_Component 0_10  **====
	pattern number : 101
	conflict number : 34
	0.250000000s user + 0.000000000s system = 0.250000000s (99.6%)
component_conflict_num = 232	acc_obj_value = 232
**** total time : 9.090000000s user + 0.040000000s system = 9.130000000s (98.2%)
===================  Component  1 ====================
Component 1 has 0 componetns.
component_conflict_num = 0	acc_obj_value = 0
**** total time : 0.000000000s user + 0.000000000s system = 0.000000000s (n/a%)
===================  Component  2 ====================
Component 2 has 0 componetns.
component_conflict_num = 0	acc_obj_value = 0
**** total time : 0.000000000s user + 0.000000000s system = 0.000000000s (n/a%)
===================  Component  3 ====================
Component 3 has 0 componetns.
component_conflict_num = 0	acc_obj_value = 0
**** total time : 0.000000000s user + 0.000000000s system = 0.000000000s (n/a%)
===================  Component  4 ====================
Component 4 has 0 componetns.
component_conflict_num = 0	acc_obj_value = 0
**** total time : 0.000000000s user + 0.000000000s system = 0.000000000s (n/a%)
===================  Component  5 ====================
Component 5 has 0 componetns.
component_conflict_num = 0	acc_obj_value = 0
**** total time : 0.000000000s user + 0.000000000s system = 0.000000000s (n/a%)
===================  Component  6 ====================
Component 6 has 0 componetns.
component_conflict_num = 0	acc_obj_value = 0
**** total time : 0.000000000s user + 0.000000000s system = 0.000000000s (n/a%)
===================  Component  7 ====================
Component 7 has 0 componetns.
component_conflict_num = 0	acc_obj_value = 0
**** total time : 0.000000000s user + 0.000000000s system = 0.000000000s (n/a%)
===================  Component  8 ====================
Component 8 has 0 componetns.
component_conflict_num = 0	acc_obj_value = 0
**** total time : 0.000000000s user + 0.000000000s system = 0.000000000s (n/a%)
===================  Component  9 ====================
Component 9 has 0 componetns.
component_conflict_num = 0	acc_obj_value = 0
**** total time : 0.000000000s user + 0.000000000s system = 0.000000000s (n/a%)
(I) coloring takes 9.290000 seconds CPU, 9.465982 seconds real
(I) Conflict number = 232
(I) Color 0 density = 663
(I) Color 1 density = 756
(I) Color 2 density = 777
(I) Write output gds file: /research/byu2/qsun/project/gempl/bin/benchout/total_c2_out.gds
(I) writing output file takes 0.020000 seconds CPU, 0.047008 seconds real
(I) program takes 9.640000 seconds CPU, 9.853513 seconds real

real	0m9.867s
user	0m9.606s
sys	0m0.043s
