

=======================================================================
                      OpenMPL - Version 1.1                        
                                by                                   
                   Yibo Lin, Bei Yu, and  David Z. Pan               
               ECE Department, University of Texas at Austin         
                         Copyright (c) 2015                          
            Contact Authors:  {yibolin,bei,dpan}@cerc.utexas.edu     
=======================================================================
(D) size of Shape = 8 bytes
(D) size of Rectangle = 24 bytes
(D) size of Polygon = 32 bytes
****OPENMP not defined !****
(I) Reading input file /research/byu2/qsun/project/ISCAS_bench/ISCAS_total/total_c1.gds
(I) Ignored 0 duplicate patterns
(I) Input data for polygon based layout...
(I) # polygon rectangles = 2093
(I) Total patterns # = 1124
(I) Shape mode = POLYGON
(I) Coloring distance = 160 db ( 160 nm )
(I) Color num = 4
(I) Simplification level = 3
(I) Thread num = 8
(I) Uncolored layer # = 2 ( 1 101 )
(I) Precolored layer # = 0
(I) Path layer # = 0
(I) Algorithm = ILP_GURBOI
(I) reading input files takes 0.170000 seconds CPU, 0.186891 seconds real
(I) Constructing graph for 1124 patterns...
(I) 1124 vertices, 3084 edges
(I) Computing connected components...
(I) Solving 4 independent components...
===================  Component  0 ====================
Component 0 has 8 componetns.
====** Sub_Component 0_0  **====
	pattern number : 45
	0.240000000s user + 0.010000000s system = 0.250000000s (96.3%)
====** Sub_Component 0_1  **====
	pattern number : 67
	3.710000000s user + 0.020000000s system = 3.730000000s (98.9%)
====** Sub_Component 0_2  **====
	pattern number : 48
	0.030000000s user + 0.000000000s system = 0.030000000s (88.2%)
====** Sub_Component 0_3  **====
	pattern number : 56
	0.430000000s user + 0.010000000s system = 0.440000000s (100.2%)
====** Sub_Component 0_4  **====
	pattern number : 31
	0.010000000s user + 0.000000000s system = 0.010000000s (40.6%)
====** Sub_Component 0_5  **====
	pattern number : 42
	2.110000000s user + 0.030000000s system = 2.140000000s (98.4%)
====** Sub_Component 0_6  **====
	pattern number : 54
	0.030000000s user + 0.000000000s system = 0.030000000s (76.7%)
====** Sub_Component 0_7  **====
	pattern number : 27
	0.110000000s user + 0.000000000s system = 0.110000000s (97.9%)
component_conflict_num = 8	acc_obj_value = 8
**** total time : 8.730000000s user + 0.080000000s system = 8.810000000s (98.8%)
===================  Component  1 ====================
Component 1 has 0 componetns.
component_conflict_num = 0	acc_obj_value = 0
**** total time : 0.000000000s user + 0.000000000s system = 0.000000000s (n/a%)
===================  Component  2 ====================
Component 2 has 0 componetns.
component_conflict_num = 0	acc_obj_value = 0
**** total time : 0.000000000s user + 0.000000000s system = 0.000000000s (n/a%)
===================  Component  3 ====================
Component 3 has 0 componetns.
component_conflict_num = 0	acc_obj_value = 0
**** total time : 0.000000000s user + 0.000000000s system = 0.000000000s (n/a%)
(I) coloring takes 8.890000 seconds CPU, 9.003006 seconds real
(I) Conflict number = 8
(I) Color 0 density = 184
(I) Color 1 density = 332
(I) Color 2 density = 297
(I) Color 3 density = 311
(W) Output file not specified, no file generated
(I) writing output file takes 0.000000 seconds CPU, 0.000002 seconds real
(I) program takes 9.060000 seconds CPU, 9.190448 seconds real

real	0m9.206s
user	0m8.981s
sys	0m0.083s
