

=======================================================================
                      OpenMPL - Version 1.1                        
                                by                                   
                   Yibo Lin, Bei Yu, and  David Z. Pan               
               ECE Department, University of Texas at Austin         
                         Copyright (c) 2015                          
            Contact Authors:  {yibolin,bei,dpan}@cerc.utexas.edu     
=======================================================================
(D) size of Shape = 8 bytes
(D) size of Rectangle = 24 bytes
(D) size of Polygon = 32 bytes
****OPENMP not defined !****
(I) Reading input file /research/byu2/qsun/project/ISCAS_bench/ISCAS_total/total_c2.gds
(I) Ignored 0 duplicate patterns
(I) Input data for polygon based layout...
(I) # polygon rectangles = 3963
(I) Total patterns # = 2196
(I) Shape mode = POLYGON
(I) Coloring distance = 160 db ( 160 nm )
(I) Color num = 4
(I) Simplification level = 3
(I) Thread num = 8
(I) Uncolored layer # = 2 ( 1 101 )
(I) Precolored layer # = 0
(I) Path layer # = 0
(I) Algorithm = LP_GUROBI
(I) reading input files takes 0.320000 seconds CPU, 0.355956 seconds real
(I) Constructing graph for 2196 patterns...
(I) 2196 vertices, 6397 edges
(I) Computing connected components...
(I) Solving 10 independent components...
===================  Component  0 ====================
Component 0 has 11 componetns.
====** Sub_Component 0_0  **====
	pattern number : 78
	0.110000000s user + 0.010000000s system = 0.120000000s (96.9%)
====** Sub_Component 0_1  **====
	pattern number : 79
	0.120000000s user + 0.000000000s system = 0.120000000s (101.9%)
====** Sub_Component 0_2  **====
	pattern number : 110
	0.330000000s user + 0.010000000s system = 0.340000000s (91.7%)
====** Sub_Component 0_3  **====
	pattern number : 94
	0.260000000s user + 0.000000000s system = 0.260000000s (100.6%)
====** Sub_Component 0_4  **====
	pattern number : 113
	0.260000000s user + 0.000000000s system = 0.260000000s (97.7%)
====** Sub_Component 0_5  **====
	pattern number : 97
	0.250000000s user + 0.010000000s system = 0.260000000s (100.1%)
====** Sub_Component 0_6  **====
	pattern number : 115
	0.340000000s user + 0.000000000s system = 0.340000000s (99.7%)
====** Sub_Component 0_7  **====
	pattern number : 77
	0.140000000s user + 0.010000000s system = 0.150000000s (103.2%)
====** Sub_Component 0_8  **====
	pattern number : 74
	0.140000000s user + 0.000000000s system = 0.140000000s (98.2%)
====** Sub_Component 0_9  **====
	pattern number : 89
	0.290000000s user + 0.000000000s system = 0.290000000s (97.0%)
====** Sub_Component 0_10  **====
	pattern number : 135
	0.450000000s user + 0.000000000s system = 0.450000000s (100.1%)
component_conflict_num = 43	acc_obj_value = 43
**** total time : 10.350000000s user + 0.040000000s system = 10.390000000s (97.7%)
===================  Component  1 ====================
Component 1 has 0 componetns.
component_conflict_num = 0	acc_obj_value = 0
**** total time : 0.000000000s user + 0.000000000s system = 0.000000000s (n/a%)
===================  Component  2 ====================
Component 2 has 0 componetns.
component_conflict_num = 0	acc_obj_value = 0
**** total time : 0.000000000s user + 0.000000000s system = 0.000000000s (n/a%)
===================  Component  3 ====================
Component 3 has 0 componetns.
component_conflict_num = 0	acc_obj_value = 0
**** total time : 0.000000000s user + 0.000000000s system = 0.000000000s (n/a%)
===================  Component  4 ====================
Component 4 has 0 componetns.
component_conflict_num = 0	acc_obj_value = 0
**** total time : 0.000000000s user + 0.000000000s system = 0.000000000s (n/a%)
===================  Component  5 ====================
Component 5 has 0 componetns.
component_conflict_num = 0	acc_obj_value = 0
**** total time : 0.000000000s user + 0.000000000s system = 0.000000000s (n/a%)
===================  Component  6 ====================
Component 6 has 0 componetns.
component_conflict_num = 0	acc_obj_value = 0
**** total time : 0.000000000s user + 0.000000000s system = 0.000000000s (n/a%)
===================  Component  7 ====================
Component 7 has 0 componetns.
component_conflict_num = 0	acc_obj_value = 0
**** total time : 0.000000000s user + 0.000000000s system = 0.000000000s (n/a%)
===================  Component  8 ====================
Component 8 has 0 componetns.
component_conflict_num = 0	acc_obj_value = 0
**** total time : 0.000000000s user + 0.000000000s system = 0.000000000s (n/a%)
===================  Component  9 ====================
Component 9 has 0 componetns.
component_conflict_num = 0	acc_obj_value = 0
**** total time : 0.000000000s user + 0.000000000s system = 0.000000000s (n/a%)
(I) coloring takes 10.570000 seconds CPU, 10.816307 seconds real
(I) Conflict number = 43
(I) Color 0 density = 528
(I) Color 1 density = 515
(I) Color 2 density = 545
(I) Color 3 density = 608
(W) Output file not specified, no file generated
(I) writing output file takes 0.000000 seconds CPU, 0.000006 seconds real
(I) program takes 10.890000 seconds CPU, 11.173259 seconds real

real	0m11.190s
user	0m10.859s
sys	0m0.050s
