

=======================================================================
                      OpenMPL - Version 1.1                        
                                by                                   
                   Yibo Lin, Bei Yu, and  David Z. Pan               
               ECE Department, University of Texas at Austin         
                         Copyright (c) 2015                          
            Contact Authors:  {yibolin,bei,dpan}@cerc.utexas.edu     
=======================================================================
(D) size of Shape = 8 bytes
(D) size of Rectangle = 24 bytes
(D) size of Polygon = 32 bytes
****OPENMP not defined !****
(I) Reading input file /research/byu2/qsun/project/ISCAS_bench/ISCAS_total/total_c3.gds
(I) Ignored 0 duplicate patterns
(I) Input data for polygon based layout...
(I) # polygon rectangles = 4197
(I) Total patterns # = 2372
(I) Shape mode = POLYGON
(I) Coloring distance = 160 db ( 160 nm )
(I) Color num = 4
(I) Simplification level = 3
(I) Thread num = 8
(I) Uncolored layer # = 2 ( 1 101 )
(I) Precolored layer # = 0
(I) Path layer # = 0
(I) Algorithm = SDP_CSDP
(I) reading input files takes 0.360000 seconds CPU, 0.365738 seconds real
(I) Constructing graph for 2372 patterns...
(I) 2372 vertices, 6645 edges
(I) Computing connected components...
(I) Solving 4 independent components...
===================  Component  0 ====================
Component 0 has 12 componetns.
====** Sub_Component 0_0  **====
	pattern number : 55
	0.060000000s user + 0.000000000s system = 0.060000000s (96.1%)
====** Sub_Component 0_1  **====
	pattern number : 51
	0.070000000s user + 0.000000000s system = 0.070000000s (101.4%)
====** Sub_Component 0_2  **====
	pattern number : 35
	0.020000000s user + 0.000000000s system = 0.020000000s (80.3%)
====** Sub_Component 0_3  **====
	pattern number : 81
	0.180000000s user + 0.000000000s system = 0.180000000s (100.7%)
====** Sub_Component 0_4  **====
	pattern number : 72
	0.130000000s user + 0.000000000s system = 0.130000000s (90.8%)
====** Sub_Component 0_5  **====
	pattern number : 64
	0.100000000s user + 0.010000000s system = 0.110000000s (113.4%)
====** Sub_Component 0_6  **====
	pattern number : 83
	0.200000000s user + 0.000000000s system = 0.200000000s (96.5%)
====** Sub_Component 0_7  **====
	pattern number : 59
	0.080000000s user + 0.000000000s system = 0.080000000s (109.7%)
====** Sub_Component 0_8  **====
	pattern number : 66
	0.090000000s user + 0.000000000s system = 0.090000000s (94.9%)
====** Sub_Component 0_9  **====
	pattern number : 43
	0.040000000s user + 0.000000000s system = 0.040000000s (113.8%)
====** Sub_Component 0_10  **====
	pattern number : 79
	0.200000000s user + 0.000000000s system = 0.200000000s (98.3%)
====** Sub_Component 0_11  **====
	pattern number : 61
	0.090000000s user + 0.000000000s system = 0.090000000s (99.8%)
component_conflict_num = 8	acc_obj_value = 8
**** total time : 11.270000000s user + 0.010000000s system = 11.280000000s (98.8%)
===================  Component  1 ====================
Component 1 has 0 componetns.
component_conflict_num = 0	acc_obj_value = 0
**** total time : 0.000000000s user + 0.000000000s system = 0.000000000s (n/a%)
===================  Component  2 ====================
Component 2 has 0 componetns.
component_conflict_num = 0	acc_obj_value = 0
**** total time : 0.000000000s user + 0.000000000s system = 0.000000000s (n/a%)
===================  Component  3 ====================
Component 3 has 0 componetns.
component_conflict_num = 0	acc_obj_value = 0
**** total time : 0.000000000s user + 0.000000000s system = 0.000000000s (n/a%)
(I) coloring takes 11.460000 seconds CPU, 11.605307 seconds real
(I) Conflict number = 8
(I) Color 0 density = 658
(I) Color 1 density = 633
(I) Color 2 density = 691
(I) Color 3 density = 390
(I) Write output gds file: /research/byu2/qsun/project/gempl/bin/benchout/total_c3_out.gds
(I) writing output file takes 0.020000 seconds CPU, 0.054280 seconds real
(I) program takes 11.840000 seconds CPU, 12.026146 seconds real

real	0m12.035s
user	0m11.840s
sys	0m0.016s
