

=======================================================================
                      OpenMPL - Version 1.1                        
                                by                                   
                   Yibo Lin, Bei Yu, and  David Z. Pan               
               ECE Department, University of Texas at Austin         
                         Copyright (c) 2015                          
            Contact Authors:  {yibolin,bei,dpan}@cerc.utexas.edu     
=======================================================================
(D) size of Shape = 8 bytes
(D) size of Rectangle = 24 bytes
(D) size of Polygon = 32 bytes
****OPENMP not defined !****
(I) Reading input file /research/byu2/qsun/project/ISCAS_bench/ISCAS_total/total_c2.gds
(I) Ignored 0 duplicate patterns
(I) Input data for polygon based layout...
(I) # polygon rectangles = 3963
(I) Total patterns # = 2196
(I) Shape mode = POLYGON
(I) Coloring distance = 160 db ( 160 nm )
(I) Color num = 4
(I) Simplification level = 3
(I) Thread num = 8
(I) Uncolored layer # = 2 ( 1 101 )
(I) Precolored layer # = 0
(I) Path layer # = 0
(I) Algorithm = LP_GUROBI
(I) reading input files takes 0.340000 seconds CPU, 0.351790 seconds real
(I) Constructing graph for 2196 patterns...
(I) 2196 vertices, 6397 edges
(I) Computing connected components...
(I) Solving 10 independent components...
===================  Component  0 ====================
Component 0 has 11 componetns.
====** Sub_Component 0_0  **====
	pattern number : 78
	0.100000000s user + 0.000000000s system = 0.100000000s (75.4%)
====** Sub_Component 0_1  **====
	pattern number : 79
	0.110000000s user + 0.000000000s system = 0.110000000s (89.9%)
====** Sub_Component 0_2  **====
	pattern number : 110
	0.350000000s user + 0.010000000s system = 0.360000000s (102.7%)
====** Sub_Component 0_3  **====
	pattern number : 94
	0.250000000s user + 0.000000000s system = 0.250000000s (98.4%)
====** Sub_Component 0_4  **====
	pattern number : 113
	0.260000000s user + 0.000000000s system = 0.260000000s (93.3%)
====** Sub_Component 0_5  **====
	pattern number : 97
	0.260000000s user + 0.000000000s system = 0.260000000s (98.3%)
====** Sub_Component 0_6  **====
	pattern number : 115
	0.340000000s user + 0.010000000s system = 0.350000000s (100.7%)
====** Sub_Component 0_7  **====
	pattern number : 77
	0.140000000s user + 0.000000000s system = 0.140000000s (93.7%)
====** Sub_Component 0_8  **====
	pattern number : 74
	0.130000000s user + 0.000000000s system = 0.130000000s (95.1%)
====** Sub_Component 0_9  **====
	pattern number : 89
	0.300000000s user + 0.000000000s system = 0.300000000s (98.8%)
====** Sub_Component 0_10  **====
	pattern number : 135
	0.430000000s user + 0.010000000s system = 0.440000000s (100.9%)
component_conflict_num = 43	acc_obj_value = 43
**** total time : 10.450000000s user + 0.030000000s system = 10.480000000s (98.4%)
===================  Component  1 ====================
Component 1 has 0 componetns.
component_conflict_num = 0	acc_obj_value = 0
**** total time : 0.000000000s user + 0.000000000s system = 0.000000000s (n/a%)
===================  Component  2 ====================
Component 2 has 0 componetns.
component_conflict_num = 0	acc_obj_value = 0
**** total time : 0.000000000s user + 0.000000000s system = 0.000000000s (n/a%)
===================  Component  3 ====================
Component 3 has 0 componetns.
component_conflict_num = 0	acc_obj_value = 0
**** total time : 0.000000000s user + 0.000000000s system = 0.000000000s (n/a%)
===================  Component  4 ====================
Component 4 has 0 componetns.
component_conflict_num = 0	acc_obj_value = 0
**** total time : 0.000000000s user + 0.000000000s system = 0.000000000s (n/a%)
===================  Component  5 ====================
Component 5 has 0 componetns.
component_conflict_num = 0	acc_obj_value = 0
**** total time : 0.000000000s user + 0.000000000s system = 0.000000000s (n/a%)
===================  Component  6 ====================
Component 6 has 0 componetns.
component_conflict_num = 0	acc_obj_value = 0
**** total time : 0.000000000s user + 0.000000000s system = 0.000000000s (n/a%)
===================  Component  7 ====================
Component 7 has 0 componetns.
component_conflict_num = 0	acc_obj_value = 0
**** total time : 0.000000000s user + 0.000000000s system = 0.000000000s (n/a%)
===================  Component  8 ====================
Component 8 has 0 componetns.
component_conflict_num = 0	acc_obj_value = 0
**** total time : 0.000000000s user + 0.000000000s system = 0.000000000s (n/a%)
===================  Component  9 ====================
Component 9 has 0 componetns.
component_conflict_num = 0	acc_obj_value = 0
**** total time : 0.000000000s user + 0.000000000s system = 0.000000000s (n/a%)
(I) coloring takes 10.650000 seconds CPU, 10.832206 seconds real
(I) Conflict number = 43
(I) Color 0 density = 528
(I) Color 1 density = 515
(I) Color 2 density = 545
(I) Color 3 density = 608
(I) Write output gds file: /research/byu2/qsun/project/gempl/bin/benchout/total_c2_out.gds
(I) writing output file takes 0.030000 seconds CPU, 0.093140 seconds real
(I) program takes 11.020000 seconds CPU, 11.277939 seconds real

real	0m11.287s
user	0m10.991s
sys	0m0.036s
