

=======================================================================
                      OpenMPL - Version 1.1                        
                                by                                   
                   Yibo Lin, Bei Yu, and  David Z. Pan               
               ECE Department, University of Texas at Austin         
                         Copyright (c) 2015                          
            Contact Authors:  {yibolin,bei,dpan}@cerc.utexas.edu     
=======================================================================
(D) size of Shape = 8 bytes
(D) size of Rectangle = 24 bytes
(D) size of Polygon = 32 bytes
****OPENMP not defined !****
(I) Reading input file /research/byu2/qsun/project/ISCAS_bench/ISCAS_total/total_c4.gds
(I) Ignored 0 duplicate patterns
(I) Input data for polygon based layout...
(I) # polygon rectangles = 6257
(I) Total patterns # = 3217
(I) Shape mode = POLYGON
(I) Coloring distance = 160 db ( 160 nm )
(I) Color num = 4
(I) Simplification level = 3
(I) Thread num = 8
(I) Uncolored layer # = 2 ( 1 101 )
(I) Precolored layer # = 0
(I) Path layer # = 0
(I) Algorithm = SDP_CSDP
(I) reading input files takes 0.560000 seconds CPU, 0.570103 seconds real
(I) Constructing graph for 3217 patterns...
(I) 3217 vertices, 8802 edges
(I) Computing connected components...
(I) Solving 6 independent components...
===================  Component  0 ====================
Component 0 has 14 componetns.
====** Sub_Component 0_0  **====
	pattern number : 127
	0.520000000s user + 0.000000000s system = 0.520000000s (97.9%)
====** Sub_Component 0_1  **====
	pattern number : 48
	0.040000000s user + 0.000000000s system = 0.040000000s (84.8%)
====** Sub_Component 0_2  **====
	pattern number : 73
	0.160000000s user + 0.000000000s system = 0.160000000s (100.6%)
====** Sub_Component 0_3  **====
	pattern number : 102
	0.390000000s user + 0.000000000s system = 0.390000000s (101.4%)
====** Sub_Component 0_4  **====
	pattern number : 77
	0.170000000s user + 0.000000000s system = 0.170000000s (100.2%)
====** Sub_Component 0_5  **====
	pattern number : 101
	0.340000000s user + 0.000000000s system = 0.340000000s (97.5%)
====** Sub_Component 0_6  **====
	pattern number : 61
	0.110000000s user + 0.000000000s system = 0.110000000s (98.9%)
====** Sub_Component 0_7  **====
	pattern number : 75
	0.170000000s user + 0.000000000s system = 0.170000000s (84.4%)
====** Sub_Component 0_8  **====
	pattern number : 59
	0.090000000s user + 0.000000000s system = 0.090000000s (102.8%)
====** Sub_Component 0_9  **====
	pattern number : 58
	0.080000000s user + 0.000000000s system = 0.080000000s (94.7%)
====** Sub_Component 0_10  **====
	pattern number : 48
	0.040000000s user + 0.000000000s system = 0.040000000s (93.2%)
====** Sub_Component 0_11  **====
	pattern number : 65
	0.110000000s user + 0.000000000s system = 0.110000000s (99.2%)
====** Sub_Component 0_12  **====
	pattern number : 70
	0.100000000s user + 0.000000000s system = 0.100000000s (99.0%)
====** Sub_Component 0_13  **====
	pattern number : 63
	0.100000000s user + 0.000000000s system = 0.100000000s (100.1%)
component_conflict_num = 30	acc_obj_value = 30
**** total time : 21.670000000s user + 0.010000000s system = 21.680000000s (98.7%)
===================  Component  1 ====================
Component 1 has 0 componetns.
component_conflict_num = 0	acc_obj_value = 0
**** total time : 0.000000000s user + 0.000000000s system = 0.000000000s (n/a%)
===================  Component  2 ====================
Component 2 has 0 componetns.
component_conflict_num = 0	acc_obj_value = 0
**** total time : 0.000000000s user + 0.000000000s system = 0.000000000s (n/a%)
===================  Component  3 ====================
Component 3 has 0 componetns.
component_conflict_num = 0	acc_obj_value = 0
**** total time : 0.000000000s user + 0.000000000s system = 0.000000000s (n/a%)
===================  Component  4 ====================
Component 4 has 0 componetns.
component_conflict_num = 0	acc_obj_value = 0
**** total time : 0.000000000s user + 0.000000000s system = 0.000000000s (n/a%)
===================  Component  5 ====================
Component 5 has 0 componetns.
component_conflict_num = 0	acc_obj_value = 0
**** total time : 0.000000000s user + 0.000000000s system = 0.000000000s (n/a%)
(I) coloring takes 21.950000 seconds CPU, 22.229005 seconds real
(I) Conflict number = 30
(I) Color 0 density = 907
(I) Color 1 density = 920
(I) Color 2 density = 908
(I) Color 3 density = 482
(I) Write output gds file: /research/byu2/qsun/project/gempl/bin/benchout/total_c4_out.gds
(I) writing output file takes 0.030000 seconds CPU, 0.093563 seconds real
(I) program takes 22.540000 seconds CPU, 22.893921 seconds real

real	0m22.903s
user	0m22.531s
sys	0m0.023s
