

=======================================================================
                      OpenMPL - Version 1.1                        
                                by                                   
                   Yibo Lin, Bei Yu, and  David Z. Pan               
               ECE Department, University of Texas at Austin         
                         Copyright (c) 2015                          
            Contact Authors:  {yibolin,bei,dpan}@cerc.utexas.edu     
=======================================================================
(D) size of Shape = 8 bytes
(D) size of Rectangle = 24 bytes
(D) size of Polygon = 32 bytes
****OPENMP not defined !****
(I) Reading input file /research/byu2/qsun/project/ISCAS_bench/ISCAS_total/total_c4.gds
(I) Ignored 0 duplicate patterns
(I) Input data for polygon based layout...
(I) # polygon rectangles = 6257
(I) Total patterns # = 3217
(I) Shape mode = POLYGON
(I) Coloring distance = 160 db ( 160 nm )
(I) Color num = 4
(I) Simplification level = 3
(I) Thread num = 8
(I) Uncolored layer # = 2 ( 1 101 )
(I) Precolored layer # = 0
(I) Path layer # = 0
(I) Algorithm = LP_GUROBI
(I) reading input files takes 0.560000 seconds CPU, 0.772584 seconds real
(I) Constructing graph for 3217 patterns...
(I) 3217 vertices, 8802 edges
(I) Computing connected components...
(I) Solving 6 independent components...
===================  Component  0 ====================
Component 0 has 14 componetns.
====** Sub_Component 0_0  **====
	pattern number : 127
	0.580000000s user + 0.000000000s system = 0.580000000s (98.1%)
====** Sub_Component 0_1  **====
	pattern number : 48
	0.130000000s user + 0.000000000s system = 0.130000000s (93.3%)
====** Sub_Component 0_2  **====
	pattern number : 73
	0.140000000s user + 0.010000000s system = 0.150000000s (98.7%)
====** Sub_Component 0_3  **====
	pattern number : 102
	0.420000000s user + 0.000000000s system = 0.420000000s (98.7%)
====** Sub_Component 0_4  **====
	pattern number : 77
	0.210000000s user + 0.000000000s system = 0.210000000s (99.3%)
====** Sub_Component 0_5  **====
	pattern number : 101
	0.300000000s user + 0.000000000s system = 0.300000000s (100.2%)
====** Sub_Component 0_6  **====
	pattern number : 61
	0.110000000s user + 0.010000000s system = 0.120000000s (92.4%)
====** Sub_Component 0_7  **====
	pattern number : 75
	0.190000000s user + 0.000000000s system = 0.190000000s (100.3%)
====** Sub_Component 0_8  **====
	pattern number : 59
	0.120000000s user + 0.000000000s system = 0.120000000s (97.3%)
====** Sub_Component 0_9  **====
	pattern number : 58
	0.120000000s user + 0.000000000s system = 0.120000000s (97.0%)
====** Sub_Component 0_10  **====
	pattern number : 48
	0.090000000s user + 0.000000000s system = 0.090000000s (99.0%)
====** Sub_Component 0_11  **====
	pattern number : 65
	0.130000000s user + 0.000000000s system = 0.130000000s (101.4%)
====** Sub_Component 0_12  **====
	pattern number : 70
	0.210000000s user + 0.010000000s system = 0.220000000s (101.1%)
====** Sub_Component 0_13  **====
	pattern number : 63
	0.110000000s user + 0.000000000s system = 0.110000000s (94.1%)
component_conflict_num = 61	acc_obj_value = 61
**** total time : 23.010000000s user + 0.040000000s system = 23.050000000s (45.6%)
===================  Component  1 ====================
Component 1 has 0 componetns.
component_conflict_num = 0	acc_obj_value = 0
**** total time : 0.000000000s user + 0.000000000s system = 0.000000000s (n/a%)
===================  Component  2 ====================
Component 2 has 0 componetns.
component_conflict_num = 0	acc_obj_value = 0
**** total time : 0.000000000s user + 0.000000000s system = 0.000000000s (n/a%)
===================  Component  3 ====================
Component 3 has 0 componetns.
component_conflict_num = 0	acc_obj_value = 0
**** total time : 0.000000000s user + 0.000000000s system = 0.000000000s (n/a%)
===================  Component  4 ====================
Component 4 has 0 componetns.
component_conflict_num = 0	acc_obj_value = 0
**** total time : 0.000000000s user + 0.000000000s system = 0.000000000s (n/a%)
===================  Component  5 ====================
Component 5 has 0 componetns.
component_conflict_num = 0	acc_obj_value = 0
**** total time : 0.000000000s user + 0.000000000s system = 0.000000000s (n/a%)
(I) coloring takes 23.320000 seconds CPU, 50.845280 seconds real
(I) Conflict number = 61
(I) Color 0 density = 878
(I) Color 1 density = 888
(I) Color 2 density = 946
(I) Color 3 density = 505
(I) Write output gds file: /research/byu2/qsun/project/gempl/bin/benchout/total_c4_out.gds
(I) writing output file takes 0.050000 seconds CPU, 0.091187 seconds real
(I) program takes 23.930000 seconds CPU, 51.710498 seconds real

real	0m51.730s
user	0m23.886s
sys	0m0.057s
