

=======================================================================
                      OpenMPL - Version 1.1                        
                                by                                   
                   Yibo Lin, Bei Yu, and  David Z. Pan               
               ECE Department, University of Texas at Austin         
                         Copyright (c) 2015                          
            Contact Authors:  {yibolin,bei,dpan}@cerc.utexas.edu     
=======================================================================
(D) size of Shape = 8 bytes
(D) size of Rectangle = 24 bytes
(D) size of Polygon = 32 bytes
****OPENMP not defined !****
(I) Reading input file /research/byu2/qsun/project/ISCAS_bench/ISCAS_total/total_c3.gds
(I) Ignored 0 duplicate patterns
(I) Input data for polygon based layout...
(I) # polygon rectangles = 4197
(I) Total patterns # = 2372
(I) Shape mode = POLYGON
(I) Coloring distance = 120 db ( 120 nm )
(I) Color num = 3
(I) Simplification level = 3
(I) Thread num = 8
(I) Uncolored layer # = 2 ( 1 101 )
(I) Precolored layer # = 0
(I) Path layer # = 0
(I) Algorithm = LP_GUROBI
(I) reading input files takes 0.350000 seconds CPU, 0.365037 seconds real
(I) Constructing graph for 2372 patterns...
(I) 2372 vertices, 4899 edges
(I) Computing connected components...
(I) Solving 4 independent components...
===================  Component  0 ====================
Component 0 has 12 componetns.
====** Sub_Component 0_0  **====
	pattern number : 77
	0.080000000s user + 0.000000000s system = 0.080000000s (86.3%)
====** Sub_Component 0_1  **====
	pattern number : 80
	0.100000000s user + 0.010000000s system = 0.110000000s (112.6%)
====** Sub_Component 0_2  **====
	pattern number : 53
	0.050000000s user + 0.000000000s system = 0.050000000s (97.3%)
====** Sub_Component 0_3  **====
	pattern number : 91
	0.160000000s user + 0.000000000s system = 0.160000000s (98.9%)
====** Sub_Component 0_4  **====
	pattern number : 71
	0.110000000s user + 0.000000000s system = 0.110000000s (96.0%)
====** Sub_Component 0_5  **====
	pattern number : 70
	0.100000000s user + 0.010000000s system = 0.110000000s (103.4%)
====** Sub_Component 0_6  **====
	pattern number : 75
	0.080000000s user + 0.000000000s system = 0.080000000s (95.1%)
====** Sub_Component 0_7  **====
	pattern number : 66
	0.090000000s user + 0.000000000s system = 0.090000000s (89.6%)
====** Sub_Component 0_8  **====
	pattern number : 66
	0.070000000s user + 0.000000000s system = 0.070000000s (90.4%)
====** Sub_Component 0_9  **====
	pattern number : 94
	0.170000000s user + 0.000000000s system = 0.170000000s (99.5%)
====** Sub_Component 0_10  **====
	pattern number : 64
	0.080000000s user + 0.000000000s system = 0.080000000s (107.2%)
====** Sub_Component 0_11  **====
	pattern number : 69
	0.070000000s user + 0.010000000s system = 0.080000000s (97.7%)
component_conflict_num = 237	acc_obj_value = 237
**** total time : 9.500000000s user + 0.030000000s system = 9.530000000s (99.0%)
===================  Component  1 ====================
Component 1 has 0 componetns.
component_conflict_num = 0	acc_obj_value = 0
**** total time : 0.000000000s user + 0.000000000s system = 0.000000000s (n/a%)
===================  Component  2 ====================
Component 2 has 0 componetns.
component_conflict_num = 0	acc_obj_value = 0
**** total time : 0.000000000s user + 0.000000000s system = 0.000000000s (n/a%)
===================  Component  3 ====================
Component 3 has 0 componetns.
component_conflict_num = 0	acc_obj_value = 0
**** total time : 0.000000000s user + 0.000000000s system = 0.000000000s (n/a%)
(I) coloring takes 9.670000 seconds CPU, 9.761108 seconds real
(I) Conflict number = 237
(I) Color 0 density = 669
(I) Color 1 density = 866
(I) Color 2 density = 837
(I) Write output gds file: /research/byu2/qsun/project/gempl/bin/benchout/total_c3_out.gds
(I) writing output file takes 0.020000 seconds CPU, 0.085178 seconds real
(I) program takes 10.040000 seconds CPU, 10.212249 seconds real

real	0m10.255s
user	0m10.012s
sys	0m0.036s
